<?xml version="1.0" encoding="UTF-8"?>
<testsuite xmlns:xsi="http://www.w3.org/2001/XMLSchema-instance" xsi:noNamespaceSchemaLocation="https://maven.apache.org/surefire/maven-surefire-plugin/xsd/surefire-test-report.xsd" name="de.frameworktsr.runners.RunnerTest" time="50.951" tests="2" errors="1" skipped="0" failures="0">
  <properties>
    <property name="java.specification.version" value="21"/>
    <property name="sun.cpu.isalist" value="amd64"/>
    <property name="sun.jnu.encoding" value="Cp1252"/>
    <property name="java.class.path" value="c:\Users\User\Desktop\TestAutomationMobile\MobileFeatures\demo\target\test-classes;c:\Users\User\Desktop\TestAutomationMobile\MobileFeatures\demo\target\classes;C:\Users\User\.m2\repository\io\cucumber\cucumber-junit\7.15.0\cucumber-junit-7.15.0.jar;C:\Users\User\.m2\repository\org\apiguardian\apiguardian-api\1.1.2\apiguardian-api-1.1.2.jar;C:\Users\User\.m2\repository\io\cucumber\cucumber-core\7.15.0\cucumber-core-7.15.0.jar;C:\Users\User\.m2\repository\io\cucumber\cucumber-gherkin\7.15.0\cucumber-gherkin-7.15.0.jar;C:\Users\User\.m2\repository\io\cucumber\cucumber-gherkin-messages\7.15.0\cucumber-gherkin-messages-7.15.0.jar;C:\Users\User\.m2\repository\io\cucumber\gherkin\26.2.0\gherkin-26.2.0.jar;C:\Users\User\.m2\repository\io\cucumber\messages\22.0.0\messages-22.0.0.jar;C:\Users\User\.m2\repository\io\cucumber\tag-expressions\6.0.0\tag-expressions-6.0.0.jar;C:\Users\User\.m2\repository\io\cucumber\cucumber-expressions\17.0.1\cucumber-expressions-17.0.1.jar;C:\Users\User\.m2\repository\io\cucumber\datatable\7.15.0\datatable-7.15.0.jar;C:\Users\User\.m2\repository\io\cucumber\cucumber-plugin\7.15.0\cucumber-plugin-7.15.0.jar;C:\Users\User\.m2\repository\io\cucumber\docstring\7.15.0\docstring-7.15.0.jar;C:\Users\User\.m2\repository\io\cucumber\html-formatter\20.4.0\html-formatter-20.4.0.jar;C:\Users\User\.m2\repository\io\cucumber\junit-xml-formatter\0.2.0\junit-xml-formatter-0.2.0.jar;C:\Users\User\.m2\repository\io\cucumber\ci-environment\10.0.0\ci-environment-10.0.0.jar;C:\Users\User\.m2\repository\commons-codec\commons-codec\1.16.0\commons-codec-1.16.0.jar;C:\Users\User\.m2\repository\io\cucumber\cucumber-java\7.15.0\cucumber-java-7.15.0.jar;C:\Users\User\.m2\repository\io\appium\java-client\9.1.0\java-client-9.1.0.jar;C:\Users\User\.m2\repository\org\seleniumhq\selenium\selenium-api\4.17.0\selenium-api-4.17.0.jar;C:\Users\User\.m2\repository\org\seleniumhq\selenium\selenium-remote-driver\4.17.0\selenium-remote-driver-4.17.0.jar;C:\Users\User\.m2\repository\com\google\auto\service\auto-service-annotations\1.1.1\auto-service-annotations-1.1.1.jar;C:\Users\User\.m2\repository\com\google\guava\guava\33.0.0-jre\guava-33.0.0-jre.jar;C:\Users\User\.m2\repository\com\google\guava\failureaccess\1.0.2\failureaccess-1.0.2.jar;C:\Users\User\.m2\repository\com\google\guava\listenablefuture\9999.0-empty-to-avoid-conflict-with-guava\listenablefuture-9999.0-empty-to-avoid-conflict-with-guava.jar;C:\Users\User\.m2\repository\com\google\code\findbugs\jsr305\3.0.2\jsr305-3.0.2.jar;C:\Users\User\.m2\repository\org\checkerframework\checker-qual\3.41.0\checker-qual-3.41.0.jar;C:\Users\User\.m2\repository\com\google\errorprone\error_prone_annotations\2.23.0\error_prone_annotations-2.23.0.jar;C:\Users\User\.m2\repository\com\google\j2objc\j2objc-annotations\2.8\j2objc-annotations-2.8.jar;C:\Users\User\.m2\repository\io\opentelemetry\semconv\opentelemetry-semconv\1.23.1-alpha\opentelemetry-semconv-1.23.1-alpha.jar;C:\Users\User\.m2\repository\io\opentelemetry\opentelemetry-api\1.34.1\opentelemetry-api-1.34.1.jar;C:\Users\User\.m2\repository\io\opentelemetry\opentelemetry-context\1.34.1\opentelemetry-context-1.34.1.jar;C:\Users\User\.m2\repository\io\opentelemetry\opentelemetry-exporter-logging\1.34.1\opentelemetry-exporter-logging-1.34.1.jar;C:\Users\User\.m2\repository\io\opentelemetry\opentelemetry-sdk-common\1.34.1\opentelemetry-sdk-common-1.34.1.jar;C:\Users\User\.m2\repository\io\opentelemetry\opentelemetry-sdk-extension-autoconfigure-spi\1.34.1\opentelemetry-sdk-extension-autoconfigure-spi-1.34.1.jar;C:\Users\User\.m2\repository\io\opentelemetry\opentelemetry-sdk-extension-autoconfigure\1.34.1\opentelemetry-sdk-extension-autoconfigure-1.34.1.jar;C:\Users\User\.m2\repository\io\opentelemetry\opentelemetry-api-events\1.34.1-alpha\opentelemetry-api-events-1.34.1-alpha.jar;C:\Users\User\.m2\repository\io\opentelemetry\opentelemetry-sdk-trace\1.34.1\opentelemetry-sdk-trace-1.34.1.jar;C:\Users\User\.m2\repository\io\opentelemetry\opentelemetry-sdk\1.34.1\opentelemetry-sdk-1.34.1.jar;C:\Users\User\.m2\repository\io\opentelemetry\opentelemetry-sdk-metrics\1.34.1\opentelemetry-sdk-metrics-1.34.1.jar;C:\Users\User\.m2\repository\io\opentelemetry\opentelemetry-extension-incubator\1.34.1-alpha\opentelemetry-extension-incubator-1.34.1-alpha.jar;C:\Users\User\.m2\repository\io\opentelemetry\opentelemetry-sdk-logs\1.34.1\opentelemetry-sdk-logs-1.34.1.jar;C:\Users\User\.m2\repository\net\bytebuddy\byte-buddy\1.14.11\byte-buddy-1.14.11.jar;C:\Users\User\.m2\repository\org\seleniumhq\selenium\selenium-http\4.17.0\selenium-http-4.17.0.jar;C:\Users\User\.m2\repository\dev\failsafe\failsafe\3.3.2\failsafe-3.3.2.jar;C:\Users\User\.m2\repository\org\seleniumhq\selenium\selenium-json\4.17.0\selenium-json-4.17.0.jar;C:\Users\User\.m2\repository\org\seleniumhq\selenium\selenium-manager\4.17.0\selenium-manager-4.17.0.jar;C:\Users\User\.m2\repository\org\seleniumhq\selenium\selenium-os\4.17.0\selenium-os-4.17.0.jar;C:\Users\User\.m2\repository\org\apache\commons\commons-exec\1.3\commons-exec-1.3.jar;C:\Users\User\.m2\repository\org\seleniumhq\selenium\selenium-support\4.17.0\selenium-support-4.17.0.jar;C:\Users\User\.m2\repository\com\google\code\gson\gson\2.10.1\gson-2.10.1.jar;C:\Users\User\.m2\repository\org\slf4j\slf4j-api\2.0.11\slf4j-api-2.0.11.jar;C:\Users\User\.m2\repository\junit\junit\4.11\junit-4.11.jar;C:\Users\User\.m2\repository\org\hamcrest\hamcrest-core\1.3\hamcrest-core-1.3.jar;"/>
    <property name="java.vm.vendor" value="Oracle Corporation"/>
    <property name="sun.arch.data.model" value="64"/>
    <property name="user.variant" value=""/>
    <property name="java.vendor.url" value="https://java.oracle.com/"/>
    <property name="user.timezone" value="Europe/Berlin"/>
    <property name="user.country.format" value="RW"/>
    <property name="os.name" value="Windows 11"/>
    <property name="java.vm.specification.version" value="21"/>
    <property name="sun.java.launcher" value="SUN_STANDARD"/>
    <property name="user.country" value="GB"/>
    <property name="sun.boot.library.path" value="C:\Program Files\Java\jdk-21\bin"/>
    <property name="sun.java.command" value="C:\Users\User\AppData\Local\Temp\surefire16264709096088806244\surefirebooter16234540853889065828.jar C:\Users\User\AppData\Local\Temp\surefire16264709096088806244 2024-02-14T17-55-12_743-jvmRun1 surefire11185255525975160247tmp surefire_03076546952456749675tmp"/>
    <property name="jdk.debug" value="release"/>
    <property name="surefire.test.class.path" value="c:\Users\User\Desktop\TestAutomationMobile\MobileFeatures\demo\target\test-classes;c:\Users\User\Desktop\TestAutomationMobile\MobileFeatures\demo\target\classes;C:\Users\User\.m2\repository\io\cucumber\cucumber-junit\7.15.0\cucumber-junit-7.15.0.jar;C:\Users\User\.m2\repository\org\apiguardian\apiguardian-api\1.1.2\apiguardian-api-1.1.2.jar;C:\Users\User\.m2\repository\io\cucumber\cucumber-core\7.15.0\cucumber-core-7.15.0.jar;C:\Users\User\.m2\repository\io\cucumber\cucumber-gherkin\7.15.0\cucumber-gherkin-7.15.0.jar;C:\Users\User\.m2\repository\io\cucumber\cucumber-gherkin-messages\7.15.0\cucumber-gherkin-messages-7.15.0.jar;C:\Users\User\.m2\repository\io\cucumber\gherkin\26.2.0\gherkin-26.2.0.jar;C:\Users\User\.m2\repository\io\cucumber\messages\22.0.0\messages-22.0.0.jar;C:\Users\User\.m2\repository\io\cucumber\tag-expressions\6.0.0\tag-expressions-6.0.0.jar;C:\Users\User\.m2\repository\io\cucumber\cucumber-expressions\17.0.1\cucumber-expressions-17.0.1.jar;C:\Users\User\.m2\repository\io\cucumber\datatable\7.15.0\datatable-7.15.0.jar;C:\Users\User\.m2\repository\io\cucumber\cucumber-plugin\7.15.0\cucumber-plugin-7.15.0.jar;C:\Users\User\.m2\repository\io\cucumber\docstring\7.15.0\docstring-7.15.0.jar;C:\Users\User\.m2\repository\io\cucumber\html-formatter\20.4.0\html-formatter-20.4.0.jar;C:\Users\User\.m2\repository\io\cucumber\junit-xml-formatter\0.2.0\junit-xml-formatter-0.2.0.jar;C:\Users\User\.m2\repository\io\cucumber\ci-environment\10.0.0\ci-environment-10.0.0.jar;C:\Users\User\.m2\repository\commons-codec\commons-codec\1.16.0\commons-codec-1.16.0.jar;C:\Users\User\.m2\repository\io\cucumber\cucumber-java\7.15.0\cucumber-java-7.15.0.jar;C:\Users\User\.m2\repository\io\appium\java-client\9.1.0\java-client-9.1.0.jar;C:\Users\User\.m2\repository\org\seleniumhq\selenium\selenium-api\4.17.0\selenium-api-4.17.0.jar;C:\Users\User\.m2\repository\org\seleniumhq\selenium\selenium-remote-driver\4.17.0\selenium-remote-driver-4.17.0.jar;C:\Users\User\.m2\repository\com\google\auto\service\auto-service-annotations\1.1.1\auto-service-annotations-1.1.1.jar;C:\Users\User\.m2\repository\com\google\guava\guava\33.0.0-jre\guava-33.0.0-jre.jar;C:\Users\User\.m2\repository\com\google\guava\failureaccess\1.0.2\failureaccess-1.0.2.jar;C:\Users\User\.m2\repository\com\google\guava\listenablefuture\9999.0-empty-to-avoid-conflict-with-guava\listenablefuture-9999.0-empty-to-avoid-conflict-with-guava.jar;C:\Users\User\.m2\repository\com\google\code\findbugs\jsr305\3.0.2\jsr305-3.0.2.jar;C:\Users\User\.m2\repository\org\checkerframework\checker-qual\3.41.0\checker-qual-3.41.0.jar;C:\Users\User\.m2\repository\com\google\errorprone\error_prone_annotations\2.23.0\error_prone_annotations-2.23.0.jar;C:\Users\User\.m2\repository\com\google\j2objc\j2objc-annotations\2.8\j2objc-annotations-2.8.jar;C:\Users\User\.m2\repository\io\opentelemetry\semconv\opentelemetry-semconv\1.23.1-alpha\opentelemetry-semconv-1.23.1-alpha.jar;C:\Users\User\.m2\repository\io\opentelemetry\opentelemetry-api\1.34.1\opentelemetry-api-1.34.1.jar;C:\Users\User\.m2\repository\io\opentelemetry\opentelemetry-context\1.34.1\opentelemetry-context-1.34.1.jar;C:\Users\User\.m2\repository\io\opentelemetry\opentelemetry-exporter-logging\1.34.1\opentelemetry-exporter-logging-1.34.1.jar;C:\Users\User\.m2\repository\io\opentelemetry\opentelemetry-sdk-common\1.34.1\opentelemetry-sdk-common-1.34.1.jar;C:\Users\User\.m2\repository\io\opentelemetry\opentelemetry-sdk-extension-autoconfigure-spi\1.34.1\opentelemetry-sdk-extension-autoconfigure-spi-1.34.1.jar;C:\Users\User\.m2\repository\io\opentelemetry\opentelemetry-sdk-extension-autoconfigure\1.34.1\opentelemetry-sdk-extension-autoconfigure-1.34.1.jar;C:\Users\User\.m2\repository\io\opentelemetry\opentelemetry-api-events\1.34.1-alpha\opentelemetry-api-events-1.34.1-alpha.jar;C:\Users\User\.m2\repository\io\opentelemetry\opentelemetry-sdk-trace\1.34.1\opentelemetry-sdk-trace-1.34.1.jar;C:\Users\User\.m2\repository\io\opentelemetry\opentelemetry-sdk\1.34.1\opentelemetry-sdk-1.34.1.jar;C:\Users\User\.m2\repository\io\opentelemetry\opentelemetry-sdk-metrics\1.34.1\opentelemetry-sdk-metrics-1.34.1.jar;C:\Users\User\.m2\repository\io\opentelemetry\opentelemetry-extension-incubator\1.34.1-alpha\opentelemetry-extension-incubator-1.34.1-alpha.jar;C:\Users\User\.m2\repository\io\opentelemetry\opentelemetry-sdk-logs\1.34.1\opentelemetry-sdk-logs-1.34.1.jar;C:\Users\User\.m2\repository\net\bytebuddy\byte-buddy\1.14.11\byte-buddy-1.14.11.jar;C:\Users\User\.m2\repository\org\seleniumhq\selenium\selenium-http\4.17.0\selenium-http-4.17.0.jar;C:\Users\User\.m2\repository\dev\failsafe\failsafe\3.3.2\failsafe-3.3.2.jar;C:\Users\User\.m2\repository\org\seleniumhq\selenium\selenium-json\4.17.0\selenium-json-4.17.0.jar;C:\Users\User\.m2\repository\org\seleniumhq\selenium\selenium-manager\4.17.0\selenium-manager-4.17.0.jar;C:\Users\User\.m2\repository\org\seleniumhq\selenium\selenium-os\4.17.0\selenium-os-4.17.0.jar;C:\Users\User\.m2\repository\org\apache\commons\commons-exec\1.3\commons-exec-1.3.jar;C:\Users\User\.m2\repository\org\seleniumhq\selenium\selenium-support\4.17.0\selenium-support-4.17.0.jar;C:\Users\User\.m2\repository\com\google\code\gson\gson\2.10.1\gson-2.10.1.jar;C:\Users\User\.m2\repository\org\slf4j\slf4j-api\2.0.11\slf4j-api-2.0.11.jar;C:\Users\User\.m2\repository\junit\junit\4.11\junit-4.11.jar;C:\Users\User\.m2\repository\org\hamcrest\hamcrest-core\1.3\hamcrest-core-1.3.jar;"/>
    <property name="sun.cpu.endian" value="little"/>
    <property name="user.home" value="C:\Users\User"/>
    <property name="user.language" value="en"/>
    <property name="java.specification.vendor" value="Oracle Corporation"/>
    <property name="java.version.date" value="2023-09-19"/>
    <property name="java.home" value="C:\Program Files\Java\jdk-21"/>
    <property name="file.separator" value="\"/>
    <property name="basedir" value="c:\Users\User\Desktop\TestAutomationMobile\MobileFeatures\demo"/>
    <property name="java.vm.compressedOopsMode" value="Zero based"/>
    <property name="line.separator" value="&#10;"/>
    <property name="java.vm.specification.vendor" value="Oracle Corporation"/>
    <property name="java.specification.name" value="Java Platform API Specification"/>
    <property name="surefire.real.class.path" value="C:\Users\User\AppData\Local\Temp\surefire16264709096088806244\surefirebooter16234540853889065828.jar"/>
    <property name="user.script" value=""/>
    <property name="sun.management.compiler" value="HotSpot 64-Bit Tiered Compilers"/>
    <property name="java.runtime.version" value="21+35-LTS-2513"/>
    <property name="user.name" value="User"/>
    <property name="stdout.encoding" value="Cp1252"/>
    <property name="path.separator" value=";"/>
    <property name="os.version" value="10.0"/>
    <property name="java.runtime.name" value="Java(TM) SE Runtime Environment"/>
    <property name="file.encoding" value="UTF-8"/>
    <property name="java.vm.name" value="Java HotSpot(TM) 64-Bit Server VM"/>
    <property name="localRepository" value="C:\Users\User\.m2\repository"/>
    <property name="java.vendor.url.bug" value="https://bugreport.java.com/bugreport/"/>
    <property name="java.io.tmpdir" value="C:\Users\User\AppData\Local\Temp\"/>
    <property name="java.version" value="21"/>
    <property name="user.dir" value="c:\Users\User\Desktop\TestAutomationMobile\MobileFeatures\demo"/>
    <property name="os.arch" value="amd64"/>
    <property name="java.vm.specification.name" value="Java Virtual Machine Specification"/>
    <property name="sun.os.patch.level" value=""/>
    <property name="native.encoding" value="Cp1252"/>
    <property name="java.library.path" value="C:\Program Files\Java\jdk-21\bin;C:\WINDOWS\Sun\Java\bin;C:\WINDOWS\system32;C:\WINDOWS;C:\Program Files (x86)\Intel\TXE Components\iCLS\;C:\Program Files\Intel\TXE Components\iCLS\;C:\WINDOWS\system32;C:\WINDOWS;C:\WINDOWS\System32\Wbem;C:\WINDOWS\System32\WindowsPowerShell\v1.0\;C:\WINDOWS\System32\OpenSSH\;C:\Program Files\Intel\TXE Components\DAL\;C:\Program Files (x86)\Intel\TXE Components\DAL\;C:\Program Files\Intel\TXE Components\IPT\;C:\Program Files (x86)\Intel\TXE Components\IPT\;C:\Program Files (x86)\NVIDIA Corporation\PhysX\Common;C:\WINDOWS\system32;C:\WINDOWS;C:\WINDOWS\System32\Wbem;C:\WINDOWS\System32\WindowsPowerShell\v1.0\;C:\WINDOWS\System32\OpenSSH\;C:\Program Files\Java\jdk-21\bin;C:\Users\User\Downloads\apache-maven-3.9.5-bin\apache-maven-3.9.5\bin;C:\Program Files\nodejs\;C:\Users\User\AppData\Local\Android\Sdk\platforms;C:\Users\User\AppData\Local\Android\Sdk\platform-tools;C:\Program Files\Git\cmd;C:\Users\User\AppData\Local\Microsoft\WindowsApps;C:\Program Files\Java\jdk-21\bin;C:\Users\User\AppData\Local\Programs\Microsoft VS Code\bin;C:\Users\User\AppData\Roaming\npm;;."/>
    <property name="java.vm.info" value="mixed mode, sharing"/>
    <property name="stderr.encoding" value="Cp1252"/>
    <property name="java.vendor" value="Oracle Corporation"/>
    <property name="java.vm.version" value="21+35-LTS-2513"/>
    <property name="sun.io.unicode.encoding" value="UnicodeLittle"/>
    <property name="java.class.version" value="65.0"/>
  </properties>
  <testcase name="Long Click Action" classname="DragAndDrop" time="23.87"/>
  <testcase name="Handle PopUp Screen Action" classname="PopUpScreen" time="26.362">
    <error message="The step &apos;the user enters the wifiSettings name as &quot;Amina&quot;&apos; and 2 other step(s) are undefined.&#10;You can implement these steps using the snippet(s) below:&#10;&#10;@When(&quot;the user enters the wifiSettings name as {string}&quot;)&#10;public void the_user_enters_the_wifi_settings_name_as(String string) {&#10;    // Write code here that turns the phrase above into concrete actions&#10;    throw new io.cucumber.java.PendingException();&#10;}&#10;@When(&quot;the user clicks on Ok button&quot;)&#10;public void the_user_clicks_on_ok_button() {&#10;    // Write code here that turns the phrase above into concrete actions&#10;    throw new io.cucumber.java.PendingException();&#10;}&#10;@Then(&quot;the wifiSettings should be updated.&quot;)&#10;public void the_wifi_settings_should_be_updated() {&#10;    // Write code here that turns the phrase above into concrete actions&#10;    throw new io.cucumber.java.PendingException();&#10;}&#10;" type="io.cucumber.junit.UndefinedStepException">io.cucumber.junit.UndefinedStepException: 
The step 'the user enters the wifiSettings name as "Amina"' and 2 other step(s) are undefined.
You can implement these steps using the snippet(s) below:

@When("the user enters the wifiSettings name as {string}")
public void the_user_enters_the_wifi_settings_name_as(String string) {
    // Write code here that turns the phrase above into concrete actions
    throw new io.cucumber.java.PendingException();
}
@When("the user clicks on Ok button")
public void the_user_clicks_on_ok_button() {
    // Write code here that turns the phrase above into concrete actions
    throw new io.cucumber.java.PendingException();
}
@Then("the wifiSettings should be updated.")
public void the_wifi_settings_should_be_updated() {
    // Write code here that turns the phrase above into concrete actions
    throw new io.cucumber.java.PendingException();
}

</error>
    <system-out><![CDATA[
Scenario: Handle PopUp Screen Action                        &amp#27;[90m# src/test/resources/features/PopUp.feature:3&amp#27;[0m
&amp#27;[35m[Appium]&amp#27;[39m Welcome to Appium v2.4.1
&amp#27;[35m[Appium]&amp#27;[39m Non-default server args:
&amp#27;[35m[Appium]&amp#27;[39m { port: &amp#27;[33m41207&amp#27;[39m, sessionOverride: &amp#27;[33mtrue&amp#27;[39m }
&amp#27;[35m[Appium]&amp#27;[39m The autodetected Appium home path: C:\Users\User\.appium
&amp#27;[35m[Appium]&amp#27;[39m Attempting to load driver uiautomator2...
&amp#27;[35m[Appium]&amp#27;[39m Attempting to load driver xcuitest...
&amp#27;[35m[Appium]&amp#27;[39m Attempting to load driver mac2...
&amp#27;[35m[Appium]&amp#27;[39m Requiring driver at C:\Users\User\.appium\node_modules\appium-mac2-driver\build\index.js
&amp#27;[35m[Appium]&amp#27;[39m Requiring driver at C:\Users\User\.appium\node_modules\appium-uiautomator2-driver\build\index.js
&amp#27;[35m[Appium]&amp#27;[39m Requiring driver at C:\Users\User\.appium\node_modules\appium-xcuitest-driver\build\index.js
&amp#27;[35m[Appium]&amp#27;[39m AndroidUiautomator2Driver has been successfully loaded in 1.876s
&amp#27;[35m[Appium]&amp#27;[39m Mac2Driver has been successfully loaded in 1.876s
&amp#27;[35m[Appium]&amp#27;[39m XCUITestDriver has been successfully loaded in 1.876s
&amp#27;[35m[Appium]&amp#27;[39m Attempting to load driver espresso...
&amp#27;[35m[Appium]&amp#27;[39m Attempting to load driver safari...
&amp#27;[35m[Appium]&amp#27;[39m Attempting to load driver gecko...
&amp#27;[35m[Appium]&amp#27;[39m Requiring driver at C:\Users\User\.appium\node_modules\appium-espresso-driver\build\index.js
&amp#27;[35m[Appium]&amp#27;[39m Requiring driver at C:\Users\User\.appium\node_modules\appium-safari-driver\build\index.js
&amp#27;[35m[Appium]&amp#27;[39m Requiring driver at C:\Users\User\.appium\node_modules\appium-geckodriver\build\index.js
&amp#27;[35m[Appium]&amp#27;[39m EspressoDriver has been successfully loaded in 0.752s
&amp#27;[35m[Appium]&amp#27;[39m Attempting to load driver chromium...
&amp#27;[35m[Appium]&amp#27;[39m GeckoDriver has been successfully loaded in 0.880s
&amp#27;[35m[Appium]&amp#27;[39m SafariDriver has been successfully loaded in 1.151s
(node:22648) MaxListenersExceededWarning: Possible EventEmitter memory leak detected. 11 exit listeners added to [process]. Use emitter.setMaxListeners() to increase limit
(Use `node --trace-warnings ...` to show where the warning was created)
&amp#27;[35m[Appium]&amp#27;[39m Requiring driver at C:\Users\User\.appium\node_modules\appium-chromium-driver\index.js
&amp#27;[35m[Appium]&amp#27;[39m ChromiumDriver has been successfully loaded in 1.056s
&amp#27;[35m[Appium]&amp#27;[39m Appium REST http interface listener started on http://0.0.0.0:41207
&amp#27;[35m[Appium]&amp#27;[39m You can provide the following URLs in your client code to connect to this server:
&amp#27;[35m[Appium]&amp#27;[39m 	http://10.110.29.126:41207/
&amp#27;[35m[Appium]&amp#27;[39m 	http://127.0.0.1:41207/ (only accessible from the same host)
&amp#27;[35m[Appium]&amp#27;[39m Available drivers:
&amp#27;[35m[Appium]&amp#27;[39m   - uiautomator2@2.43.4 (automationName 'UiAutomator2')
&amp#27;[35m[Appium]&amp#27;[39m   - xcuitest@5.15.0 (automationName 'XCUITest')
&amp#27;[35m[Appium]&amp#27;[39m   - mac2@1.10.2 (automationName 'Mac2')
&amp#27;[35m[Appium]&amp#27;[39m   - espresso@2.34.1 (automationName 'Espresso')
&amp#27;[35m[Appium]&amp#27;[39m   - safari@3.5.10 (automationName 'Safari')
&amp#27;[35m[Appium]&amp#27;[39m   - gecko@1.2.11 (automationName 'Gecko')
&amp#27;[35m[Appium]&amp#27;[39m   - chromium@1.3.7 (automationName 'Chromium')
&amp#27;[35m[Appium]&amp#27;[39m No plugins have been installed. Use the "appium plugin" command to install the one(s) you want to use.
&amp#27;[38;5;0m[HTTP]&amp#27;[0m &amp#27;[37m-->&amp#27;[39m &amp#27;[37mGET&amp#27;[39m &amp#27;[37m/status&amp#27;[39m
&amp#27;[38;5;0m[HTTP]&amp#27;[0m &amp#27;[90m{}&amp#27;[39m
&amp#27;[38;5;16m[AppiumDriver@1515]&amp#27;[0m Calling AppiumDriver.getStatus() with args: []
&amp#27;[38;5;16m[AppiumDriver@1515]&amp#27;[0m Responding to client with driver.getStatus() result: {"ready":true,"message":"The server is ready to accept new connections","build":{"version":"2.4.1"}}
&amp#27;[38;5;0m[HTTP]&amp#27;[0m &amp#27;[37m<-- GET /status &amp#27;[39m&amp#27;[32m200&amp#27;[39m &amp#27;[90m6 ms - 110&amp#27;[39m
&amp#27;[38;5;0m[HTTP]&amp#27;[0m &amp#27;[90m&amp#27;[39m
&amp#27;[38;5;0m[HTTP]&amp#27;[0m &amp#27;[37m-->&amp#27;[39m &amp#27;[37mGET&amp#27;[39m &amp#27;[37m/status&amp#27;[39m
&amp#27;[38;5;0m[HTTP]&amp#27;[0m &amp#27;[90m{}&amp#27;[39m
&amp#27;[38;5;16m[AppiumDriver@1515]&amp#27;[0m Calling AppiumDriver.getStatus() with args: []
&amp#27;[38;5;16m[AppiumDriver@1515]&amp#27;[0m Responding to client with driver.getStatus() result: {"ready":true,"message":"The server is ready to accept new connections","build":{"version":"2.4.1"}}
&amp#27;[38;5;0m[HTTP]&amp#27;[0m &amp#27;[37m<-- GET /status &amp#27;[39m&amp#27;[32m200&amp#27;[39m &amp#27;[90m1 ms - 110&amp#27;[39m
&amp#27;[38;5;0m[HTTP]&amp#27;[0m &amp#27;[90m&amp#27;[39m
&amp#27;[38;5;0m[HTTP]&amp#27;[0m Request idempotency key: b9a67bd3-27e2-4f0e-bc0c-c295a8ca547a
&amp#27;[38;5;0m[HTTP]&amp#27;[0m &amp#27;[37m-->&amp#27;[39m &amp#27;[37mPOST&amp#27;[39m &amp#27;[37m/session&amp#27;[39m
&amp#27;[38;5;0m[HTTP]&amp#27;[0m &amp#27;[90m{"capabilities":{"firstMatch":[{}],"alwaysMatch":{"appium:appPackage":"io.appium.android.apis","platformName":"ANDROID","appium:automationName":"UiAutomator2","appium:deviceName":"Pixel7","appium:systemPort":0,"appium:app":"c:\\Users\\User\\Desktop\\TestAutomationMobile\\MobileFeatures\\demo\\src\\test\\resources\\de\\frameworktsr\\app\\ApiDemos-debug1.apk","appium:appActivity":"io.appium.android.apis.ApiDemos","appium:uiautomator2ServerInstallTimeout":60000}}}&amp#27;[39m
&amp#27;[38;5;16m[AppiumDriver@1515]&amp#27;[0m Calling AppiumDriver.createSession() with args: [null,null,{"firstMatch":[{}],"alwaysMatch":{"appium:appPackage":"io.appium.android.apis","platformName":"ANDROID","appium:automationName":"UiAutomator2","appium:deviceName":"Pixel7","appium:systemPort":0,"appium:app":"c:\\Users\\User\\Desktop\\TestAutomationMobile\\MobileFeatures\\demo\\src\\test\\resources\\de\\frameworktsr\\app\\ApiDemos-debug1.apk","appium:appActivity":"io.appium.android.apis.ApiDemos","appium:uiautomator2ServerInstallTimeout":60000}}]
&amp#27;[38;5;16m[AppiumDriver@1515]&amp#27;[0m Event 'newSessionRequested' logged at 1707929744477 (17:55:44 GMT+0100 (Central European Standard Time))
&amp#27;[35m[Appium]&amp#27;[39m Attempting to find matching driver for automationName 'UiAutomator2' and platformName 'ANDROID'
&amp#27;[35m[Appium]&amp#27;[39m The 'uiautomator2' driver was installed and matched caps.
&amp#27;[35m[Appium]&amp#27;[39m Will require it at C:\Users\User\.appium\node_modules\appium-uiautomator2-driver
&amp#27;[35m[Appium]&amp#27;[39m Requiring driver at C:\Users\User\.appium\node_modules\appium-uiautomator2-driver\build\index.js
&amp#27;[38;5;16m[AppiumDriver@1515]&amp#27;[0m Appium v2.4.1 creating new AndroidUiautomator2Driver (v2.43.4) session
&amp#27;[38;5;16m[AppiumDriver@1515]&amp#27;[0m Checking BaseDriver versions for Appium and AndroidUiautomator2Driver
&amp#27;[38;5;16m[AppiumDriver@1515]&amp#27;[0m Appium's BaseDriver version is 9.5.0
&amp#27;[38;5;16m[AppiumDriver@1515]&amp#27;[0m AndroidUiautomator2Driver's BaseDriver version is 9.5.0
&amp#27;[38;5;16m[AppiumDriver@1515]&amp#27;[0m There are no active sessions for cleanup
&amp#27;[38;5;32m[AndroidUiautomator2Driver@5789]&amp#27;[0m Creating session with W3C capabilities: {
&amp#27;[38;5;32m[AndroidUiautomator2Driver@5789]&amp#27;[0m   "alwaysMatch": {
&amp#27;[38;5;32m[AndroidUiautomator2Driver@5789]&amp#27;[0m     "platformName": "ANDROID",
&amp#27;[38;5;32m[AndroidUiautomator2Driver@5789]&amp#27;[0m     "appium:appPackage": "io.appium.android.apis",
&amp#27;[38;5;32m[AndroidUiautomator2Driver@5789]&amp#27;[0m     "appium:automationName": "UiAutomator2",
&amp#27;[38;5;32m[AndroidUiautomator2Driver@5789]&amp#27;[0m     "appium:deviceName": "Pixel7",
&amp#27;[38;5;32m[AndroidUiautomator2Driver@5789]&amp#27;[0m     "appium:systemPort": 0,
&amp#27;[38;5;32m[AndroidUiautomator2Driver@5789]&amp#27;[0m     "appium:app": "c:\\Users\\User\\Desktop\\TestAutomationMobile\\MobileFeatures\\demo\\src\\test\\resources\\de\\frameworktsr\\app\\ApiDemos-debug1.apk",
&amp#27;[38;5;32m[AndroidUiautomator2Driver@5789]&amp#27;[0m     "appium:appActivity": "io.appium.android.apis.ApiDemos",
&amp#27;[38;5;32m[AndroidUiautomator2Driver@5789]&amp#27;[0m     "appium:uiautomator2ServerInstallTimeout": 60000
&amp#27;[38;5;32m[AndroidUiautomator2Driver@5789]&amp#27;[0m   },
&amp#27;[38;5;32m[AndroidUiautomator2Driver@5789]&amp#27;[0m   "firstMatch": [
&amp#27;[38;5;32m[AndroidUiautomator2Driver@5789]&amp#27;[0m     {}
&amp#27;[38;5;32m[AndroidUiautomator2Driver@5789]&amp#27;[0m   ]
&amp#27;[38;5;32m[AndroidUiautomator2Driver@5789]&amp#27;[0m }
&amp#27;[38;5;32m[AndroidUiautomator2Driver@5789 (9af8a46c)]&amp#27;[0m Session created with session id: 9af8a46c-f47b-486a-8e44-bfe2a535423d
&amp#27;[38;5;48m[BaseDriver]&amp#27;[0m Using local app 'c:\Users\User\Desktop\TestAutomationMobile\MobileFeatures\demo\src\test\resources\de\frameworktsr\app\ApiDemos-debug1.apk'
&amp#27;[38;5;32m[AndroidUiautomator2Driver@5789 (9af8a46c)]&amp#27;[0m Checking whether app is actually present
&amp#27;[38;5;64m[ADB]&amp#27;[0m Found 2 'build-tools' folders under 'C:\Users\User\AppData\Local\Android\Sdk' (newest first):
&amp#27;[38;5;64m[ADB]&amp#27;[0m     C:\Users\User\AppData\Local\Android\Sdk\build-tools\34.0.0
&amp#27;[38;5;64m[ADB]&amp#27;[0m     C:\Users\User\AppData\Local\Android\Sdk\build-tools\33.0.1
&amp#27;[38;5;64m[ADB]&amp#27;[0m Using 'adb.exe' from 'C:\Users\User\AppData\Local\Android\Sdk\platform-tools\adb.exe'
&amp#27;[38;5;64m[ADB]&amp#27;[0m Running 'C:\Users\User\AppData\Local\Android\Sdk\platform-tools\adb.exe -P 5037 start-server'
&amp#27;[38;5;32m[AndroidUiautomator2Driver@5789 (9af8a46c)]&amp#27;[0m Retrieving device list
&amp#27;[38;5;64m[ADB]&amp#27;[0m Trying to find connected Android devices
&amp#27;[38;5;64m[ADB]&amp#27;[0m Getting connected devices
&amp#27;[38;5;64m[ADB]&amp#27;[0m Connected devices: [{"udid":"emulator-5554","state":"device"}]
&amp#27;[38;5;32m[AndroidUiautomator2Driver@5789 (9af8a46c)]&amp#27;[0m Using device: emulator-5554
&amp#27;[38;5;64m[ADB]&amp#27;[0m Using 'adb.exe' from 'C:\Users\User\AppData\Local\Android\Sdk\platform-tools\adb.exe'
&amp#27;[38;5;64m[ADB]&amp#27;[0m Running 'C:\Users\User\AppData\Local\Android\Sdk\platform-tools\adb.exe -P 5037 start-server'
&amp#27;[38;5;64m[ADB]&amp#27;[0m Setting device id to emulator-5554
&amp#27;[38;5;64m[ADB]&amp#27;[0m Running 'C:\Users\User\AppData\Local\Android\Sdk\platform-tools\adb.exe -P 5037 -s emulator-5554 shell getprop ro.build.version.sdk'
&amp#27;[38;5;64m[ADB]&amp#27;[0m Current device property 'ro.build.version.sdk': 34
&amp#27;[38;5;64m[ADB]&amp#27;[0m Getting device platform version
&amp#27;[38;5;64m[ADB]&amp#27;[0m Running 'C:\Users\User\AppData\Local\Android\Sdk\platform-tools\adb.exe -P 5037 -s emulator-5554 shell getprop ro.build.version.release'
&amp#27;[38;5;64m[ADB]&amp#27;[0m Current device property 'ro.build.version.release': 14
&amp#27;[38;5;64m[ADB]&amp#27;[0m Device API level: 34
&amp#27;[38;5;32m[AndroidUiautomator2Driver@5789 (9af8a46c)]&amp#27;[0m Relaxing hidden api policy
&amp#27;[38;5;64m[ADB]&amp#27;[0m Running 'C:\Users\User\AppData\Local\Android\Sdk\platform-tools\adb.exe -P 5037 -s emulator-5554 shell 'settings put global hidden_api_policy_pre_p_apps 1;settings put global hidden_api_policy_p_apps 1;settings put global hidden_api_policy 1''
&amp#27;[38;5;64m[ADB]&amp#27;[0m Running 'C:\Users\User\AppData\Local\Android\Sdk\platform-tools\adb.exe -P 5037 -s emulator-5554 wait-for-device'
&amp#27;[38;5;64m[ADB]&amp#27;[0m Running 'C:\Users\User\AppData\Local\Android\Sdk\platform-tools\adb.exe -P 5037 -s emulator-5554 shell echo ping'
&amp#27;[38;5;32m[AndroidUiautomator2Driver@5789 (9af8a46c)]&amp#27;[0m Pushing settings apk to the device...
&amp#27;[38;5;64m[ADB]&amp#27;[0m Getting package info for 'io.appium.settings'
&amp#27;[38;5;64m[ADB]&amp#27;[0m Running 'C:\Users\User\AppData\Local\Android\Sdk\platform-tools\adb.exe -P 5037 -s emulator-5554 shell dumpsys package io.appium.settings'
&amp#27;[38;5;64m[ADB]&amp#27;[0m The version name of the installed 'io.appium.settings' is greater or equal to the application version name ('5.7.5' >= '5.7.5')
&amp#27;[38;5;64m[ADB]&amp#27;[0m There is no need to install/upgrade 'C:\Users\User\.appium\node_modules\appium-uiautomator2-driver\node_modules\io.appium.settings\apks\settings_apk-debug.apk'
&amp#27;[38;5;64m[ADB]&amp#27;[0m Running 'C:\Users\User\AppData\Local\Android\Sdk\platform-tools\adb.exe -P 5037 -s emulator-5554 shell dumpsys activity services io.appium.settings'
&amp#27;[38;5;32m[AndroidUiautomator2Driver@5789 (9af8a46c)]&amp#27;[0m io.appium.settings is already running. There is no need to reset its permissions.
&amp#27;[38;5;80m[Logcat]&amp#27;[0m Starting logs capture with command: C:\\Users\\User\\AppData\\Local\\Android\\Sdk\\platform-tools\\adb.exe -P 5037 -s emulator-5554 logcat -v threadtime
&amp#27;[38;5;32m[AndroidUiautomator2Driver@5789 (9af8a46c)]&amp#27;[0m Forwarding UiAutomator2 Server port 6790 to local port 8200
&amp#27;[38;5;64m[ADB]&amp#27;[0m Forwarding system: 8200 to device: 6790
&amp#27;[38;5;64m[ADB]&amp#27;[0m Running 'C:\Users\User\AppData\Local\Android\Sdk\platform-tools\adb.exe -P 5037 -s emulator-5554 forward tcp:8200 tcp:6790'
&amp#27;[38;5;64m[ADB]&amp#27;[0m Checking app cert for C:\Users\User\.appium\node_modules\appium-uiautomator2-driver\node_modules\appium-uiautomator2-server\apks\appium-uiautomator2-server-v6.0.7.apk
&amp#27;[38;5;64m[ADB]&amp#27;[0m Checking app cert for C:\Users\User\.appium\node_modules\appium-uiautomator2-driver\node_modules\appium-uiautomator2-server\apks\appium-uiautomator2-server-debug-androidTest.apk
&amp#27;[38;5;64m[ADB]&amp#27;[0m Using 'apksigner.jar' from 'C:\Users\User\AppData\Local\Android\Sdk\build-tools\34.0.0\lib\apksigner.jar'
&amp#27;[38;5;64m[ADB]&amp#27;[0m Starting apksigner: 'C:\\Program Files\\Java\\jdk-21\\bin\\java.exe' -Xmx1024M -Xss1m -jar C:\\Users\\User\\AppData\\Local\\Android\\Sdk\\build-tools\\34.0.0\\lib\\apksigner.jar verify --print-certs C:\\Users\\User\\.appium\\node_modules\\appium-uiautomator2-driver\\node_modules\\appium-uiautomator2-server\\apks\\appium-uiautomator2-server-debug-androidTest.apk
&amp#27;[38;5;64m[ADB]&amp#27;[0m Starting apksigner: 'C:\\Program Files\\Java\\jdk-21\\bin\\java.exe' -Xmx1024M -Xss1m -jar C:\\Users\\User\\AppData\\Local\\Android\\Sdk\\build-tools\\34.0.0\\lib\\apksigner.jar verify --print-certs C:\\Users\\User\\.appium\\node_modules\\appium-uiautomator2-driver\\node_modules\\appium-uiautomator2-server\\apks\\appium-uiautomator2-server-v6.0.7.apk
&amp#27;[38;5;64m[ADB]&amp#27;[0m apksigner stdout: Signer #1 certificate DN: EMAILADDRESS=android@android.com, CN=Android, OU=Android, O=Android, L=Mountain View, ST=California, C=US
&amp#27;[38;5;64m[ADB]&amp#27;[0m Signer #1 certificate SHA-256 digest: a40da80a59d170caa950cf15c18c454d47a39b26989d8b640ecd745ba71bf5dc
&amp#27;[38;5;64m[ADB]&amp#27;[0m Signer #1 certificate SHA-1 digest: 61ed377e85d386a8dfee6b864bd85b0bfaa5af81
&amp#27;[38;5;64m[ADB]&amp#27;[0m Signer #1 certificate MD5 digest: e89b158e4bcf988ebd09eb83f5378e87
&amp#27;[38;5;64m[ADB]&amp#27;[0m 
&amp#27;[38;5;64m[ADB]&amp#27;[0m sha256 hash did match for 'appium-uiautomator2-server-debug-androidTest.apk'
&amp#27;[38;5;64m[ADB]&amp#27;[0m 'C:\Users\User\.appium\node_modules\appium-uiautomator2-driver\node_modules\appium-uiautomator2-server\apks\appium-uiautomator2-server-debug-androidTest.apk' is signed with the default certificate
&amp#27;[38;5;64m[ADB]&amp#27;[0m Getting install status for io.appium.uiautomator2.server.test
&amp#27;[38;5;64m[ADB]&amp#27;[0m Running 'C:\Users\User\AppData\Local\Android\Sdk\platform-tools\adb.exe -P 5037 -s emulator-5554 shell pm path io.appium.uiautomator2.server.test'
&amp#27;[38;5;64m[ADB]&amp#27;[0m 'io.appium.uiautomator2.server.test' is installed
&amp#27;[38;5;64m[ADB]&amp#27;[0m apksigner stdout: Signer #1 certificate DN: EMAILADDRESS=android@android.com, CN=Android, OU=Android, O=Android, L=Mountain View, ST=California, C=US
&amp#27;[38;5;64m[ADB]&amp#27;[0m Signer #1 certificate SHA-256 digest: a40da80a59d170caa950cf15c18c454d47a39b26989d8b640ecd745ba71bf5dc
&amp#27;[38;5;64m[ADB]&amp#27;[0m Signer #1 certificate SHA-1 digest: 61ed377e85d386a8dfee6b864bd85b0bfaa5af81
&amp#27;[38;5;64m[ADB]&amp#27;[0m Signer #1 certificate MD5 digest: e89b158e4bcf988ebd09eb83f5378e87
&amp#27;[38;5;64m[ADB]&amp#27;[0m 
&amp#27;[38;5;64m[ADB]&amp#27;[0m sha256 hash did match for 'appium-uiautomator2-server-v6.0.7.apk'
&amp#27;[38;5;64m[ADB]&amp#27;[0m 'C:\Users\User\.appium\node_modules\appium-uiautomator2-driver\node_modules\appium-uiautomator2-server\apks\appium-uiautomator2-server-v6.0.7.apk' is signed with the default certificate
&amp#27;[38;5;64m[ADB]&amp#27;[0m Getting package info for 'io.appium.uiautomator2.server'
&amp#27;[38;5;64m[ADB]&amp#27;[0m Running 'C:\Users\User\AppData\Local\Android\Sdk\platform-tools\adb.exe -P 5037 -s emulator-5554 shell dumpsys package io.appium.uiautomator2.server'
&amp#27;[38;5;64m[ADB]&amp#27;[0m The version name of the installed 'io.appium.uiautomator2.server' is greater or equal to the application version name ('6.0.7' >= '6.0.7')
&amp#27;[38;5;32m[AndroidUiautomator2Driver@5789 (9af8a46c)]&amp#27;[0m Server packages status: [{"wasSigned":true,"installState":"sameVersionInstalled","appPath":"C:\\Users\\User\\.appium\\node_modules\\appium-uiautomator2-driver\\node_modules\\appium-uiautomator2-server\\apks\\appium-uiautomator2-server-v6.0.7.apk","appId":"io.appium.uiautomator2.server"},{"wasSigned":true,"installState":"sameVersionInstalled","appPath":"C:\\Users\\User\\.appium\\node_modules\\appium-uiautomator2-driver\\node_modules\\appium-uiautomator2-server\\apks\\appium-uiautomator2-server-debug-androidTest.apk","appId":"io.appium.uiautomator2.server.test"}]
&amp#27;[38;5;32m[AndroidUiautomator2Driver@5789 (9af8a46c)]&amp#27;[0m Server packages are not going to be (re)installed
&amp#27;[38;5;32m[AndroidUiautomator2Driver@5789 (9af8a46c)]&amp#27;[0m Waiting up to 30000ms for services to be available
&amp#27;[38;5;64m[ADB]&amp#27;[0m Running 'C:\Users\User\AppData\Local\Android\Sdk\platform-tools\adb.exe -P 5037 -s emulator-5554 shell pm list instrumentation'
&amp#27;[38;5;32m[AndroidUiautomator2Driver@5789 (9af8a46c)]&amp#27;[0m Instrumentation target 'io.appium.uiautomator2.server.test/androidx.test.runner.AndroidJUnitRunner' is available
&amp#27;[38;5;64m[ADB]&amp#27;[0m Adding packages ["io.appium.settings","io.appium.uiautomator2.server","io.appium.uiautomator2.server.test"] to Doze whitelist
&amp#27;[38;5;64m[ADB]&amp#27;[0m Got the following command chunks to execute: [["dumpsys","deviceidle","whitelist","+io.appium.settings",";","dumpsys","deviceidle","whitelist","+io.appium.uiautomator2.server",";","dumpsys","deviceidle","whitelist","+io.appium.uiautomator2.server.test",";"]]
&amp#27;[38;5;64m[ADB]&amp#27;[0m Running 'C:\Users\User\AppData\Local\Android\Sdk\platform-tools\adb.exe -P 5037 -s emulator-5554 shell dumpsys deviceidle whitelist +io.appium.settings ; dumpsys deviceidle whitelist +io.appium.uiautomator2.server ; dumpsys deviceidle whitelist +io.appium.uiautomator2.server.test ;'
&amp#27;[38;5;64m[ADB]&amp#27;[0m Checking app cert for c:\Users\User\Desktop\TestAutomationMobile\MobileFeatures\demo\src\test\resources\de\frameworktsr\app\ApiDemos-debug1.apk
&amp#27;[38;5;64m[ADB]&amp#27;[0m Starting apksigner: 'C:\\Program Files\\Java\\jdk-21\\bin\\java.exe' -Xmx1024M -Xss1m -jar C:\\Users\\User\\AppData\\Local\\Android\\Sdk\\build-tools\\34.0.0\\lib\\apksigner.jar verify --print-certs c:\\Users\\User\\Desktop\\TestAutomationMobile\\MobileFeatures\\demo\\src\\test\\resources\\de\\frameworktsr\\app\\ApiDemos-debug1.apk
&amp#27;[38;5;64m[ADB]&amp#27;[0m apksigner stdout: Signer #1 certificate DN: EMAILADDRESS=android@android.com, CN=Android, OU=Android, O=Android, L=Mountain View, ST=California, C=US
&amp#27;[38;5;64m[ADB]&amp#27;[0m Signer #1 certificate SHA-256 digest: a40da80a59d170caa950cf15c18c454d47a39b26989d8b640ecd745ba71bf5dc
&amp#27;[38;5;64m[ADB]&amp#27;[0m Signer #1 certificate SHA-1 digest: 61ed377e85d386a8dfee6b864bd85b0bfaa5af81
&amp#27;[38;5;64m[ADB]&amp#27;[0m Signer #1 certificate MD5 digest: e89b158e4bcf988ebd09eb83f5378e87
&amp#27;[38;5;64m[ADB]&amp#27;[0m 
&amp#27;[38;5;64m[ADB]&amp#27;[0m sha256 hash did match for 'ApiDemos-debug1.apk'
&amp#27;[38;5;64m[ADB]&amp#27;[0m 'c:\Users\User\Desktop\TestAutomationMobile\MobileFeatures\demo\src\test\resources\de\frameworktsr\app\ApiDemos-debug1.apk' is signed with the default certificate
&amp#27;[38;5;64m[ADB]&amp#27;[0m Getting package info for 'io.appium.android.apis'
&amp#27;[38;5;64m[ADB]&amp#27;[0m Running 'C:\Users\User\AppData\Local\Android\Sdk\platform-tools\adb.exe -P 5037 -s emulator-5554 shell dumpsys package io.appium.android.apis'
&amp#27;[38;5;64m[ADB]&amp#27;[0m The version name of the installed 'io.appium.android.apis' is greater or equal to the application version name ('4.0.0' >= '4.0.0')
&amp#27;[38;5;64m[ADB]&amp#27;[0m There is no need to install/upgrade 'c:\Users\User\Desktop\TestAutomationMobile\MobileFeatures\demo\src\test\resources\de\frameworktsr\app\ApiDemos-debug1.apk'
&amp#27;[38;5;32m[AndroidUiautomator2Driver@5789 (9af8a46c)]&amp#27;[0m Performing fast reset on 'io.appium.android.apis'
&amp#27;[38;5;64m[ADB]&amp#27;[0m Getting install status for io.appium.android.apis
&amp#27;[38;5;64m[ADB]&amp#27;[0m Running 'C:\Users\User\AppData\Local\Android\Sdk\platform-tools\adb.exe -P 5037 -s emulator-5554 shell pm path io.appium.android.apis'
&amp#27;[38;5;64m[ADB]&amp#27;[0m 'io.appium.android.apis' is installed
&amp#27;[38;5;64m[ADB]&amp#27;[0m Running 'C:\Users\User\AppData\Local\Android\Sdk\platform-tools\adb.exe -P 5037 -s emulator-5554 shell am force-stop io.appium.android.apis'
&amp#27;[38;5;64m[ADB]&amp#27;[0m Running 'C:\Users\User\AppData\Local\Android\Sdk\platform-tools\adb.exe -P 5037 -s emulator-5554 shell pm clear io.appium.android.apis'
&amp#27;[38;5;32m[AndroidUiautomator2Driver@5789 (9af8a46c)]&amp#27;[0m Performed fast reset on the installed 'io.appium.android.apis' application (stop and clear)
&amp#27;[38;5;32m[AndroidUiautomator2Driver@5789 (9af8a46c)]&amp#27;[0m Performing shallow cleanup of automation leftovers
&amp#27;[38;5;32m[AndroidUiautomator2Driver@5789 (9af8a46c)]&amp#27;[0m No obsolete sessions have been detected (socket hang up)
&amp#27;[38;5;64m[ADB]&amp#27;[0m Running 'C:\Users\User\AppData\Local\Android\Sdk\platform-tools\adb.exe -P 5037 -s emulator-5554 shell am force-stop io.appium.uiautomator2.server.test'
&amp#27;[38;5;32m[AndroidUiautomator2Driver@5789 (9af8a46c)]&amp#27;[0m Starting UIAutomator2 server 6.0.7
&amp#27;[38;5;32m[AndroidUiautomator2Driver@5789 (9af8a46c)]&amp#27;[0m Using UIAutomator2 server from 'C:\Users\User\.appium\node_modules\appium-uiautomator2-driver\node_modules\appium-uiautomator2-server\apks\appium-uiautomator2-server-v6.0.7.apk' and test from 'C:\Users\User\.appium\node_modules\appium-uiautomator2-driver\node_modules\appium-uiautomator2-server\apks\appium-uiautomator2-server-debug-androidTest.apk'
&amp#27;[38;5;32m[AndroidUiautomator2Driver@5789 (9af8a46c)]&amp#27;[0m Waiting up to 30000ms for UiAutomator2 to be online...
&amp#27;[38;5;64m[ADB]&amp#27;[0m Creating ADB subprocess with args: ["-P","5037","-s","emulator-5554","shell","am","instrument","-w","-e","disableAnalytics","true","io.appium.uiautomator2.server.test/androidx.test.runner.AndroidJUnitRunner"]
&amp#27;[38;5;32m[AndroidUiautomator2Driver@5789 (9af8a46c)]&amp#27;[0m Matched '/status' to command name 'getStatus'
&amp#27;[38;5;32m[AndroidUiautomator2Driver@5789 (9af8a46c)]&amp#27;[0m Proxying [GET /status] to [GET http://127.0.0.1:8200/status] with no body
&amp#27;[38;5;32m[AndroidUiautomator2Driver@5789 (9af8a46c)]&amp#27;[0m socket hang up
&amp#27;[38;5;96m[Instrumentation]&amp#27;[0m io.appium.uiautomator2.server.test.AppiumUiAutomator2Server:
&amp#27;[38;5;32m[AndroidUiautomator2Driver@5789 (9af8a46c)]&amp#27;[0m Matched '/status' to command name 'getStatus'
&amp#27;[38;5;32m[AndroidUiautomator2Driver@5789 (9af8a46c)]&amp#27;[0m Proxying [GET /status] to [GET http://127.0.0.1:8200/status] with no body
&amp#27;[38;5;32m[AndroidUiautomator2Driver@5789 (9af8a46c)]&amp#27;[0m socket hang up
&amp#27;[38;5;32m[AndroidUiautomator2Driver@5789 (9af8a46c)]&amp#27;[0m Matched '/status' to command name 'getStatus'
&amp#27;[38;5;32m[AndroidUiautomator2Driver@5789 (9af8a46c)]&amp#27;[0m Proxying [GET /status] to [GET http://127.0.0.1:8200/status] with no body
&amp#27;[38;5;32m[AndroidUiautomator2Driver@5789 (9af8a46c)]&amp#27;[0m socket hang up
&amp#27;[38;5;32m[AndroidUiautomator2Driver@5789 (9af8a46c)]&amp#27;[0m Matched '/status' to command name 'getStatus'
&amp#27;[38;5;32m[AndroidUiautomator2Driver@5789 (9af8a46c)]&amp#27;[0m Proxying [GET /status] to [GET http://127.0.0.1:8200/status] with no body
&amp#27;[38;5;32m[AndroidUiautomator2Driver@5789 (9af8a46c)]&amp#27;[0m Got response with status 200: {"sessionId":"None","value":{"message":"UiAutomator2 Server is ready to accept commands","ready":true}}
&amp#27;[38;5;32m[AndroidUiautomator2Driver@5789 (9af8a46c)]&amp#27;[0m The initialization of the instrumentation process took 3208ms
&amp#27;[38;5;32m[AndroidUiautomator2Driver@5789 (9af8a46c)]&amp#27;[0m Matched '/session' to command name 'createSession'
&amp#27;[38;5;32m[AndroidUiautomator2Driver@5789 (9af8a46c)]&amp#27;[0m Proxying [POST /session] to [POST http://127.0.0.1:8200/session] with body: {"capabilities":{"firstMatch":[{"platformName":"ANDROID","appPackage":"io.appium.android.apis","automationName":"UiAutomator2","deviceName":"emulator-5554","systemPort":0,"app":"c:\\Users\\User\\Desktop\\TestAutomationMobile\\MobileFeatures\\demo\\src\\test\\resources\\de\\frameworktsr\\app\\ApiDemos-debug1.apk","appActivity":"io.appium.android.apis.ApiDemos","uiautomator2ServerInstallTimeout":60000,"platform":"LINUX","webStorageEnabled":false,"takesScreenshot":true,"javascriptEnabled":true,"databaseEnabled":false,"networkConnectionEnabled":true,"locationContextEnabled":false,"warnings":{},"desired":{"platformName":"ANDROID","appPackage":"io.appium.android.apis","automationName":"UiAutomator2","deviceName":"Pixel7","systemPort":0,"app":"c:\\Users\\User\\Desktop\\TestAutomationMobile\\MobileFeatures\\demo\\src\\test\\resources\\de\\frameworktsr\\app\\ApiDemos-debug1.apk","appActivity":"io.appium.android.apis.ApiDemos","uiautomator2ServerInstallTimeout":60000},"deviceUDID":"emulator-5554"}],"alwaysMatch":{}}}
&amp#27;[38;5;32m[AndroidUiautomator2Driver@5789 (9af8a46c)]&amp#27;[0m Got response with status 200: {"sessionId":"177f8c00-9345-49f1-b5b1-d24ea5f85feb","value":{"capabilities":{"firstMatch":[{"platformName":"ANDROID","appPackage":"io.appium.android.apis","automationName":"UiAutomator2","deviceName":"emulator-5554","systemPort":0,"app":"c:\\Users\\User\\Desktop\\TestAutomationMobile\\MobileFeatures\\demo\\src\\test\\resources\\de\\frameworktsr\\app\\ApiDemos-debug1.apk","appActivity":"io.appium.android.apis.ApiDemos","uiautomator2ServerInstallTimeout":60000,"platform":"LINUX","webStorageEnabled":false,"takesScreenshot":true,"javascriptEnabled":true,"databaseEnabled":false,"networkConnectionEnabled":true,"locationContextEnabled":false,"warnings":{},"desired":{"platformName":"ANDROID","appPackage":"io.appium.android.apis","automationName":"UiAutomator2","deviceName":"Pixel7","systemPort":0,"app":"c:\\Users\\User\\Desktop\\TestAutomationMobile\\MobileFeatures\\demo\\src\\test\\resources\\de\\frameworktsr\\app\\ApiDemos-debug1.apk","appActivity":"io.appium.android.apis.ApiDemos","uiautomator2ServerInstallTime...
&amp#27;[38;5;32m[AndroidUiautomator2Driver@5789 (9af8a46c)]&amp#27;[0m Determined the downstream protocol as 'W3C'
&amp#27;[38;5;32m[AndroidUiautomator2Driver@5789 (9af8a46c)]&amp#27;[0m Proxying [GET /appium/device/pixel_ratio] to [GET http://127.0.0.1:8200/session/177f8c00-9345-49f1-b5b1-d24ea5f85feb/appium/device/pixel_ratio] with no body
&amp#27;[38;5;32m[AndroidUiautomator2Driver@5789 (9af8a46c)]&amp#27;[0m Matched '/appium/device/system_bars' to command name 'getSystemBars'
&amp#27;[38;5;32m[AndroidUiautomator2Driver@5789 (9af8a46c)]&amp#27;[0m Proxying [GET /appium/device/system_bars] to [GET http://127.0.0.1:8200/session/177f8c00-9345-49f1-b5b1-d24ea5f85feb/appium/device/system_bars] with no body
&amp#27;[38;5;32m[AndroidUiautomator2Driver@5789 (9af8a46c)]&amp#27;[0m Matched '/window/current/size' to command name 'getWindowSize'
&amp#27;[38;5;32m[AndroidUiautomator2Driver@5789 (9af8a46c)]&amp#27;[0m Proxying [GET /window/current/size] to [GET http://127.0.0.1:8200/session/177f8c00-9345-49f1-b5b1-d24ea5f85feb/window/current/size] with no body
&amp#27;[38;5;32m[AndroidUiautomator2Driver@5789 (9af8a46c)]&amp#27;[0m Proxying [GET /appium/device/info] to [GET http://127.0.0.1:8200/session/177f8c00-9345-49f1-b5b1-d24ea5f85feb/appium/device/info] with no body
&amp#27;[38;5;64m[ADB]&amp#27;[0m Running 'C:\Users\User\AppData\Local\Android\Sdk\platform-tools\adb.exe -P 5037 -s emulator-5554 shell dumpsys window'
&amp#27;[38;5;32m[AndroidUiautomator2Driver@5789 (9af8a46c)]&amp#27;[0m Got response with status 200: {"sessionId":"177f8c00-9345-49f1-b5b1-d24ea5f85feb","value":3.5}
&amp#27;[38;5;32m[AndroidUiautomator2Driver@5789 (9af8a46c)]&amp#27;[0m Got response with status 200: {"sessionId":"177f8c00-9345-49f1-b5b1-d24ea5f85feb","value":{"height":3120,"width":1440}}
&amp#27;[38;5;32m[AndroidUiautomator2Driver@5789 (9af8a46c)]&amp#27;[0m Got response with status 200: {"sessionId":"177f8c00-9345-49f1-b5b1-d24ea5f85feb","value":{"statusBar":144}}
&amp#27;[38;5;32m[AndroidUiautomator2Driver@5789 (9af8a46c)]&amp#27;[0m Screen already unlocked, doing nothing
&amp#27;[38;5;32m[AndroidUiautomator2Driver@5789 (9af8a46c)]&amp#27;[0m Starting 'io.appium.android.apis/io.appium.android.apis.ApiDemos and waiting for 'io.appium.android.apis/io.appium.android.apis.ApiDemos'
&amp#27;[38;5;64m[ADB]&amp#27;[0m Running 'C:\Users\User\AppData\Local\Android\Sdk\platform-tools\adb.exe -P 5037 -s emulator-5554 shell am start -W -n io.appium.android.apis/io.appium.android.apis.ApiDemos -S -a android.intent.action.MAIN -c android.intent.category.LAUNCHER -f 0x10200000'
&amp#27;[38;5;32m[AndroidUiautomator2Driver@5789 (9af8a46c)]&amp#27;[0m Got response with status 200: {"sessionId":"177f8c00-9345-49f1-b5b1-d24ea5f85feb","value":{"androidId":"46ff54054284c103","apiVersion":"34","bluetooth":{"state":"ON"},"brand":"google","carrierName":"T-Mobile","displayDensity":560,"locale":"en_US","manufacturer":"Google","model":"sdk_gphone64_x86_64","networks":[{"capabilities":{"SSID":null,"linkDownBandwidthKbps":30000,"linkUpstreamBandwidthKbps":12000,"networkCapabilities":"NET_CAPABILITY_NOT_METERED,NET_CAPABILITY_INTERNET,NET_CAPABILITY_NOT_RESTRICTED,NET_CAPABILITY_TRUSTED,NET_CAPABILITY_NOT_VPN,NET_CAPABILITY_VALIDATED,NET_CAPABILITY_NOT_ROAMING,NET_CAPABILITY_FOREGROUND,NET_CAPABILITY_NOT_CONGESTED,NET_CAPABILITY_NOT_SUSPENDED","signalStrength":-50,"transportTypes":"TRANSPORT_WIFI"},"detailedState":"CONNECTED","extraInfo":"","isAvailable":true,"isConnected":true,"isFailover":false,"isRoaming":false,"state":"CONNECTED","subtype":-1,"subtypeName":"","type":1,"typeName":"WIFI"},{"capabilities":{"SSID":null,"linkDownBandwidthKbps":4300,"linkUpstreamBandwidthKbps":1800,"networkCapabil...
&amp#27;[38;5;16m[AppiumDriver@1515]&amp#27;[0m New AndroidUiautomator2Driver session created successfully, session 9af8a46c-f47b-486a-8e44-bfe2a535423d added to master session list
&amp#27;[38;5;16m[AppiumDriver@1515]&amp#27;[0m Event 'newSessionStarted' logged at 1707929753009 (17:55:53 GMT+0100 (Central European Standard Time))
&amp#27;[38;5;32m[AndroidUiautomator2Driver@5789 (9af8a46c)]&amp#27;[0m Cached the protocol value 'W3C' for the new session 9af8a46c-f47b-486a-8e44-bfe2a535423d
&amp#27;[38;5;32m[AndroidUiautomator2Driver@5789 (9af8a46c)]&amp#27;[0m Responding to client with driver.createSession() result: {"capabilities":{"platformName":"ANDROID","appPackage":"io.appium.android.apis","automationName":"UiAutomator2","deviceName":"emulator-5554","systemPort":0,"app":"c:\\Users\\User\\Desktop\\TestAutomationMobile\\MobileFeatures\\demo\\src\\test\\resources\\de\\frameworktsr\\app\\ApiDemos-debug1.apk","appActivity":"io.appium.android.apis.ApiDemos","uiautomator2ServerInstallTimeout":60000,"platform":"LINUX","webStorageEnabled":false,"takesScreenshot":true,"javascriptEnabled":true,"databaseEnabled":false,"networkConnectionEnabled":true,"locationContextEnabled":false,"warnings":{},"desired":{"platformName":"ANDROID","appPackage":"io.appium.android.apis","automationName":"UiAutomator2","deviceName":"Pixel7","systemPort":0,"app":"c:\\Users\\User\\Desktop\\TestAutomationMobile\\MobileFeatures\\demo\\src\\test\\resources\\de\\frameworktsr\\app\\ApiDemos-debug1.apk","appActivity":"io.appium.android.apis.ApiDemos","uiautomator2ServerInstallTimeout":60000},"deviceUDID":"emulator-5554","pixelRatio":"3.5","statBarHeight"...
&amp#27;[38;5;0m[HTTP]&amp#27;[0m &amp#27;[37m<-- POST /session &amp#27;[39m&amp#27;[32m200&amp#27;[39m &amp#27;[90m8537 ms - 1317&amp#27;[39m
&amp#27;[38;5;0m[HTTP]&amp#27;[0m &amp#27;[90m&amp#27;[39m
&amp#27;[38;5;0m[HTTP]&amp#27;[0m &amp#27;[37m-->&amp#27;[39m &amp#27;[37mPOST&amp#27;[39m &amp#27;[37m/session/9af8a46c-f47b-486a-8e44-bfe2a535423d/appium/start_recording_screen&amp#27;[39m
&amp#27;[38;5;0m[HTTP]&amp#27;[0m &amp#27;[90m{}&amp#27;[39m
&amp#27;[38;5;32m[AndroidUiautomator2Driver@5789 (9af8a46c)]&amp#27;[0m Calling AppiumDriver.startRecordingScreen() with args: [null,"9af8a46c-f47b-486a-8e44-bfe2a535423d"]
&amp#27;[38;5;64m[ADB]&amp#27;[0m Getting IDs of all 'screenrecord' processes
&amp#27;[38;5;64m[ADB]&amp#27;[0m Running 'C:\Users\User\AppData\Local\Android\Sdk\platform-tools\adb.exe -P 5037 -s emulator-5554 shell 'pgrep --help; echo $?''
&amp#27;[38;5;64m[ADB]&amp#27;[0m Running 'C:\Users\User\AppData\Local\Android\Sdk\platform-tools\adb.exe -P 5037 -s emulator-5554 shell pgrep -f \(\[\[:blank:\]\]\|\^\)screenrecord\(\[\[:blank:\]\]\|\$\)'
&amp#27;[38;5;32m[AndroidUiautomator2Driver@5789 (9af8a46c)]&amp#27;[0m Screen recording has not been previously started by Appium. There is nothing to stop
&amp#27;[38;5;64m[ADB]&amp#27;[0m Getting IDs of all 'screenrecord' processes
&amp#27;[38;5;64m[ADB]&amp#27;[0m Running 'C:\Users\User\AppData\Local\Android\Sdk\platform-tools\adb.exe -P 5037 -s emulator-5554 shell pgrep -f \(\[\[:blank:\]\]\|\^\)screenrecord\(\[\[:blank:\]\]\|\$\)'
&amp#27;[38;5;64m[ADB]&amp#27;[0m Building screenrecord process with the command line: adb -P 5037 -s emulator-5554 shell screenrecord --time-limit 180 /sdcard/87240d94.mp4
&amp#27;[38;5;64m[ADB]&amp#27;[0m Running 'C:\Users\User\AppData\Local\Android\Sdk\platform-tools\adb.exe -P 5037 -s emulator-5554 shell "[ -e '/sdcard/87240d94.mp4' ] && echo __PASS__"'
&amp#27;[38;5;64m[ADB]&amp#27;[0m Running 'C:\Users\User\AppData\Local\Android\Sdk\platform-tools\adb.exe -P 5037 -s emulator-5554 shell "[ -e '/sdcard/87240d94.mp4' ] && echo __PASS__"'
&amp#27;[38;5;64m[ADB]&amp#27;[0m Running 'C:\Users\User\AppData\Local\Android\Sdk\platform-tools\adb.exe -P 5037 -s emulator-5554 shell "[ -e '/sdcard/87240d94.mp4' ] && echo __PASS__"'
&amp#27;[38;5;32m[AndroidUiautomator2Driver@5789 (9af8a46c)]&amp#27;[0m Responding to client with driver.startRecordingScreen() result: ""
&amp#27;[38;5;0m[HTTP]&amp#27;[0m &amp#27;[37m<-- POST /session/9af8a46c-f47b-486a-8e44-bfe2a535423d/appium/start_recording_screen &amp#27;[39m&amp#27;[32m200&amp#27;[39m &amp#27;[90m1061 ms - 12&amp#27;[39m
&amp#27;[38;5;0m[HTTP]&amp#27;[0m &amp#27;[90m&amp#27;[39m
&amp#27;[38;5;0m[HTTP]&amp#27;[0m &amp#27;[37m-->&amp#27;[39m &amp#27;[37mPOST&amp#27;[39m &amp#27;[37m/session/9af8a46c-f47b-486a-8e44-bfe2a535423d/element&amp#27;[39m
&amp#27;[38;5;0m[HTTP]&amp#27;[0m &amp#27;[90m{"using":"accessibility id","value":"Preference"}&amp#27;[39m
&amp#27;[38;5;32m[AndroidUiautomator2Driver@5789 (9af8a46c)]&amp#27;[0m Calling AppiumDriver.findElement() with args: ["accessibility id","Preference","9af8a46c-f47b-486a-8e44-bfe2a535423d"]
&amp#27;[38;5;32m[AndroidUiautomator2Driver@5789 (9af8a46c)]&amp#27;[0m Valid locator strategies for this request: xpath, id, class name, accessibility id, css selector, -android uiautomator
&amp#27;[38;5;32m[AndroidUiautomator2Driver@5789 (9af8a46c)]&amp#27;[0m Waiting up to 0 ms for condition
&amp#27;[38;5;32m[AndroidUiautomator2Driver@5789 (9af8a46c)]&amp#27;[0m Matched '/element' to command name 'findElement'
&amp#27;[38;5;32m[AndroidUiautomator2Driver@5789 (9af8a46c)]&amp#27;[0m Proxying [POST /element] to [POST http://127.0.0.1:8200/session/177f8c00-9345-49f1-b5b1-d24ea5f85feb/element] with body: {"strategy":"accessibility id","selector":"Preference","context":"","multiple":false}
&amp#27;[38;5;32m[AndroidUiautomator2Driver@5789 (9af8a46c)]&amp#27;[0m Got response with status 200: {"sessionId":"177f8c00-9345-49f1-b5b1-d24ea5f85feb","value":{"ELEMENT":"00000000-0000-00e6-ffff-ffff00000012","element-6066-11e4-a52e-4f735466cecf":"00000000-0000-00e6-ffff-ffff00000012"}}
&amp#27;[38;5;32m[AndroidUiautomator2Driver@5789 (9af8a46c)]&amp#27;[0m Responding to client with driver.findElement() result: {"element-6066-11e4-a52e-4f735466cecf":"00000000-0000-00e6-ffff-ffff00000012","ELEMENT":"00000000-0000-00e6-ffff-ffff00000012"}
&amp#27;[38;5;0m[HTTP]&amp#27;[0m &amp#27;[37m<-- POST /session/9af8a46c-f47b-486a-8e44-bfe2a535423d/element &amp#27;[39m&amp#27;[32m200&amp#27;[39m &amp#27;[90m102 ms - 137&amp#27;[39m
&amp#27;[38;5;0m[HTTP]&amp#27;[0m &amp#27;[90m&amp#27;[39m
&amp#27;[38;5;0m[HTTP]&amp#27;[0m &amp#27;[37m-->&amp#27;[39m &amp#27;[37mGET&amp#27;[39m &amp#27;[37m/session/9af8a46c-f47b-486a-8e44-bfe2a535423d/element/00000000-0000-00e6-ffff-ffff00000012/displayed&amp#27;[39m
&amp#27;[38;5;0m[HTTP]&amp#27;[0m &amp#27;[90m{}&amp#27;[39m
&amp#27;[38;5;32m[AndroidUiautomator2Driver@5789 (9af8a46c)]&amp#27;[0m Calling AppiumDriver.elementDisplayed() with args: ["00000000-0000-00e6-ffff-ffff00000012","9af8a46c-f47b-486a-8e44-bfe2a535423d"]
&amp#27;[38;5;32m[AndroidUiautomator2Driver@5789 (9af8a46c)]&amp#27;[0m Matched '/element/00000000-0000-00e6-ffff-ffff00000012/attribute/displayed' to command name 'getAttribute'
&amp#27;[38;5;32m[AndroidUiautomator2Driver@5789 (9af8a46c)]&amp#27;[0m Proxying [GET /element/00000000-0000-00e6-ffff-ffff00000012/attribute/displayed] to [GET http://127.0.0.1:8200/session/177f8c00-9345-49f1-b5b1-d24ea5f85feb/element/00000000-0000-00e6-ffff-ffff00000012/attribute/displayed] with no body
&amp#27;[38;5;32m[AndroidUiautomator2Driver@5789 (9af8a46c)]&amp#27;[0m Got response with status 200: {"sessionId":"177f8c00-9345-49f1-b5b1-d24ea5f85feb","value":"true"}
&amp#27;[38;5;32m[AndroidUiautomator2Driver@5789 (9af8a46c)]&amp#27;[0m Responding to client with driver.elementDisplayed() result: true
&amp#27;[38;5;0m[HTTP]&amp#27;[0m &amp#27;[37m<-- GET /session/9af8a46c-f47b-486a-8e44-bfe2a535423d/element/00000000-0000-00e6-ffff-ffff00000012/displayed &amp#27;[39m&amp#27;[32m200&amp#27;[39m &amp#27;[90m31 ms - 14&amp#27;[39m
&amp#27;[38;5;0m[HTTP]&amp#27;[0m &amp#27;[90m&amp#27;[39m
&amp#27;[38;5;0m[HTTP]&amp#27;[0m &amp#27;[37m-->&amp#27;[39m &amp#27;[37mPOST&amp#27;[39m &amp#27;[37m/session/9af8a46c-f47b-486a-8e44-bfe2a535423d/element/00000000-0000-00e6-ffff-ffff00000012/click&amp#27;[39m
&amp#27;[38;5;0m[HTTP]&amp#27;[0m &amp#27;[90m{"id":"00000000-0000-00e6-ffff-ffff00000012"}&amp#27;[39m
&amp#27;[38;5;32m[AndroidUiautomator2Driver@5789 (9af8a46c)]&amp#27;[0m Calling AppiumDriver.click() with args: ["00000000-0000-00e6-ffff-ffff00000012","9af8a46c-f47b-486a-8e44-bfe2a535423d"]
&amp#27;[38;5;32m[AndroidUiautomator2Driver@5789 (9af8a46c)]&amp#27;[0m Matched '/element/00000000-0000-00e6-ffff-ffff00000012/click' to command name 'click'
&amp#27;[38;5;32m[AndroidUiautomator2Driver@5789 (9af8a46c)]&amp#27;[0m Proxying [POST /element/00000000-0000-00e6-ffff-ffff00000012/click] to [POST http://127.0.0.1:8200/session/177f8c00-9345-49f1-b5b1-d24ea5f85feb/element/00000000-0000-00e6-ffff-ffff00000012/click] with body: {"element":"00000000-0000-00e6-ffff-ffff00000012"}
&amp#27;[38;5;32m[AndroidUiautomator2Driver@5789 (9af8a46c)]&amp#27;[0m Got response with status 200: {"sessionId":"177f8c00-9345-49f1-b5b1-d24ea5f85feb","value":null}
&amp#27;[38;5;32m[AndroidUiautomator2Driver@5789 (9af8a46c)]&amp#27;[0m Responding to client with driver.click() result: null
&amp#27;[38;5;0m[HTTP]&amp#27;[0m &amp#27;[37m<-- POST /session/9af8a46c-f47b-486a-8e44-bfe2a535423d/element/00000000-0000-00e6-ffff-ffff00000012/click &amp#27;[39m&amp#27;[32m200&amp#27;[39m &amp#27;[90m2141 ms - 14&amp#27;[39m
&amp#27;[38;5;0m[HTTP]&amp#27;[0m &amp#27;[90m&amp#27;[39m
  &amp#27;[32mWhen &amp#27;[0m&amp#27;[32ma user tap on preferences link&amp#27;[0m                       &amp#27;[90m# de.frameworktsr.stepdefinitions.PopUp.a_user_tap_on_pereferance_link()&amp#27;[0m
&amp#27;[38;5;0m[HTTP]&amp#27;[0m &amp#27;[37m-->&amp#27;[39m &amp#27;[37mPOST&amp#27;[39m &amp#27;[37m/session/9af8a46c-f47b-486a-8e44-bfe2a535423d/element&amp#27;[39m
&amp#27;[38;5;0m[HTTP]&amp#27;[0m &amp#27;[90m{"using":"xpath","value":"//android.widget.TextView[@content-desc=\"3. Preference dependencies\"]\r\n"}&amp#27;[39m
&amp#27;[38;5;32m[AndroidUiautomator2Driver@5789 (9af8a46c)]&amp#27;[0m Calling AppiumDriver.findElement() with args: ["xpath","//android.widget.TextView[@content-desc=\"3. Preference dependencies\"]\r\n","9af8a46c-f47b-486a-8e44-bfe2a535423d"]
&amp#27;[38;5;32m[AndroidUiautomator2Driver@5789 (9af8a46c)]&amp#27;[0m Valid locator strategies for this request: xpath, id, class name, accessibility id, css selector, -android uiautomator
&amp#27;[38;5;32m[AndroidUiautomator2Driver@5789 (9af8a46c)]&amp#27;[0m Waiting up to 0 ms for condition
&amp#27;[38;5;32m[AndroidUiautomator2Driver@5789 (9af8a46c)]&amp#27;[0m Matched '/element' to command name 'findElement'
&amp#27;[38;5;32m[AndroidUiautomator2Driver@5789 (9af8a46c)]&amp#27;[0m Proxying [POST /element] to [POST http://127.0.0.1:8200/session/177f8c00-9345-49f1-b5b1-d24ea5f85feb/element] with body: {"strategy":"xpath","selector":"//android.widget.TextView[@content-desc=\"3. Preference dependencies\"]\r\n","context":"","multiple":false}
&amp#27;[38;5;32m[AndroidUiautomator2Driver@5789 (9af8a46c)]&amp#27;[0m Got response with status 200: {"sessionId":"177f8c00-9345-49f1-b5b1-d24ea5f85feb","value":{"ELEMENT":"00000000-0000-00e7-ffff-ffff00000021","element-6066-11e4-a52e-4f735466cecf":"00000000-0000-00e7-ffff-ffff00000021"}}
&amp#27;[38;5;32m[AndroidUiautomator2Driver@5789 (9af8a46c)]&amp#27;[0m Responding to client with driver.findElement() result: {"element-6066-11e4-a52e-4f735466cecf":"00000000-0000-00e7-ffff-ffff00000021","ELEMENT":"00000000-0000-00e7-ffff-ffff00000021"}
&amp#27;[38;5;0m[HTTP]&amp#27;[0m &amp#27;[37m<-- POST /session/9af8a46c-f47b-486a-8e44-bfe2a535423d/element &amp#27;[39m&amp#27;[32m200&amp#27;[39m &amp#27;[90m937 ms - 137&amp#27;[39m
&amp#27;[38;5;0m[HTTP]&amp#27;[0m &amp#27;[90m&amp#27;[39m
&amp#27;[38;5;0m[HTTP]&amp#27;[0m &amp#27;[37m-->&amp#27;[39m &amp#27;[37mGET&amp#27;[39m &amp#27;[37m/session/9af8a46c-f47b-486a-8e44-bfe2a535423d/element/00000000-0000-00e7-ffff-ffff00000021/displayed&amp#27;[39m
&amp#27;[38;5;0m[HTTP]&amp#27;[0m &amp#27;[90m{}&amp#27;[39m
&amp#27;[38;5;32m[AndroidUiautomator2Driver@5789 (9af8a46c)]&amp#27;[0m Calling AppiumDriver.elementDisplayed() with args: ["00000000-0000-00e7-ffff-ffff00000021","9af8a46c-f47b-486a-8e44-bfe2a535423d"]
&amp#27;[38;5;32m[AndroidUiautomator2Driver@5789 (9af8a46c)]&amp#27;[0m Matched '/element/00000000-0000-00e7-ffff-ffff00000021/attribute/displayed' to command name 'getAttribute'
&amp#27;[38;5;32m[AndroidUiautomator2Driver@5789 (9af8a46c)]&amp#27;[0m Proxying [GET /element/00000000-0000-00e7-ffff-ffff00000021/attribute/displayed] to [GET http://127.0.0.1:8200/session/177f8c00-9345-49f1-b5b1-d24ea5f85feb/element/00000000-0000-00e7-ffff-ffff00000021/attribute/displayed] with no body
&amp#27;[38;5;32m[AndroidUiautomator2Driver@5789 (9af8a46c)]&amp#27;[0m Got response with status 200: {"sessionId":"177f8c00-9345-49f1-b5b1-d24ea5f85feb","value":"true"}
&amp#27;[38;5;32m[AndroidUiautomator2Driver@5789 (9af8a46c)]&amp#27;[0m Responding to client with driver.elementDisplayed() result: true
&amp#27;[38;5;0m[HTTP]&amp#27;[0m &amp#27;[37m<-- GET /session/9af8a46c-f47b-486a-8e44-bfe2a535423d/element/00000000-0000-00e7-ffff-ffff00000021/displayed &amp#27;[39m&amp#27;[32m200&amp#27;[39m &amp#27;[90m23 ms - 14&amp#27;[39m
&amp#27;[38;5;0m[HTTP]&amp#27;[0m &amp#27;[90m&amp#27;[39m
&amp#27;[38;5;0m[HTTP]&amp#27;[0m &amp#27;[37m-->&amp#27;[39m &amp#27;[37mPOST&amp#27;[39m &amp#27;[37m/session/9af8a46c-f47b-486a-8e44-bfe2a535423d/element/00000000-0000-00e7-ffff-ffff00000021/click&amp#27;[39m
&amp#27;[38;5;0m[HTTP]&amp#27;[0m &amp#27;[90m{"id":"00000000-0000-00e7-ffff-ffff00000021"}&amp#27;[39m
&amp#27;[38;5;32m[AndroidUiautomator2Driver@5789 (9af8a46c)]&amp#27;[0m Calling AppiumDriver.click() with args: ["00000000-0000-00e7-ffff-ffff00000021","9af8a46c-f47b-486a-8e44-bfe2a535423d"]
&amp#27;[38;5;32m[AndroidUiautomator2Driver@5789 (9af8a46c)]&amp#27;[0m Matched '/element/00000000-0000-00e7-ffff-ffff00000021/click' to command name 'click'
&amp#27;[38;5;32m[AndroidUiautomator2Driver@5789 (9af8a46c)]&amp#27;[0m Proxying [POST /element/00000000-0000-00e7-ffff-ffff00000021/click] to [POST http://127.0.0.1:8200/session/177f8c00-9345-49f1-b5b1-d24ea5f85feb/element/00000000-0000-00e7-ffff-ffff00000021/click] with body: {"element":"00000000-0000-00e7-ffff-ffff00000021"}
&amp#27;[38;5;32m[AndroidUiautomator2Driver@5789 (9af8a46c)]&amp#27;[0m Got response with status 200: {"sessionId":"177f8c00-9345-49f1-b5b1-d24ea5f85feb","value":null}
&amp#27;[38;5;32m[AndroidUiautomator2Driver@5789 (9af8a46c)]&amp#27;[0m Responding to client with driver.click() result: null
&amp#27;[38;5;0m[HTTP]&amp#27;[0m &amp#27;[37m<-- POST /session/9af8a46c-f47b-486a-8e44-bfe2a535423d/element/00000000-0000-00e7-ffff-ffff00000021/click &amp#27;[39m&amp#27;[32m200&amp#27;[39m &amp#27;[90m1906 ms - 14&amp#27;[39m
&amp#27;[38;5;0m[HTTP]&amp#27;[0m &amp#27;[90m&amp#27;[39m
  &amp#27;[32mAnd &amp#27;[0m&amp#27;[32mthe user tap on preferences dependancies link&amp#27;[0m         &amp#27;[90m# de.frameworktsr.stepdefinitions.PopUp.the_user_ap_on_preferences_dependancies_link()&amp#27;[0m
&amp#27;[38;5;0m[HTTP]&amp#27;[0m &amp#27;[37m-->&amp#27;[39m &amp#27;[37mPOST&amp#27;[39m &amp#27;[37m/session/9af8a46c-f47b-486a-8e44-bfe2a535423d/element&amp#27;[39m
&amp#27;[38;5;0m[HTTP]&amp#27;[0m &amp#27;[90m{"using":"id","value":"android:id/checkbox"}&amp#27;[39m
&amp#27;[38;5;32m[AndroidUiautomator2Driver@5789 (9af8a46c)]&amp#27;[0m Calling AppiumDriver.findElement() with args: ["id","android:id/checkbox","9af8a46c-f47b-486a-8e44-bfe2a535423d"]
&amp#27;[38;5;32m[AndroidUiautomator2Driver@5789 (9af8a46c)]&amp#27;[0m Valid locator strategies for this request: xpath, id, class name, accessibility id, css selector, -android uiautomator
&amp#27;[38;5;32m[AndroidUiautomator2Driver@5789 (9af8a46c)]&amp#27;[0m Waiting up to 0 ms for condition
&amp#27;[38;5;32m[AndroidUiautomator2Driver@5789 (9af8a46c)]&amp#27;[0m Matched '/element' to command name 'findElement'
&amp#27;[38;5;32m[AndroidUiautomator2Driver@5789 (9af8a46c)]&amp#27;[0m Proxying [POST /element] to [POST http://127.0.0.1:8200/session/177f8c00-9345-49f1-b5b1-d24ea5f85feb/element] with body: {"strategy":"id","selector":"android:id/checkbox","context":"","multiple":false}
&amp#27;[38;5;32m[AndroidUiautomator2Driver@5789 (9af8a46c)]&amp#27;[0m Got response with status 200: {"sessionId":"177f8c00-9345-49f1-b5b1-d24ea5f85feb","value":{"ELEMENT":"00000000-0000-00e8-ffff-ffff00000044","element-6066-11e4-a52e-4f735466cecf":"00000000-0000-00e8-ffff-ffff00000044"}}
&amp#27;[38;5;32m[AndroidUiautomator2Driver@5789 (9af8a46c)]&amp#27;[0m Responding to client with driver.findElement() result: {"element-6066-11e4-a52e-4f735466cecf":"00000000-0000-00e8-ffff-ffff00000044","ELEMENT":"00000000-0000-00e8-ffff-ffff00000044"}
&amp#27;[38;5;0m[HTTP]&amp#27;[0m &amp#27;[37m<-- POST /session/9af8a46c-f47b-486a-8e44-bfe2a535423d/element &amp#27;[39m&amp#27;[32m200&amp#27;[39m &amp#27;[90m100 ms - 137&amp#27;[39m
&amp#27;[38;5;0m[HTTP]&amp#27;[0m &amp#27;[90m&amp#27;[39m
&amp#27;[38;5;0m[HTTP]&amp#27;[0m &amp#27;[37m-->&amp#27;[39m &amp#27;[37mGET&amp#27;[39m &amp#27;[37m/session/9af8a46c-f47b-486a-8e44-bfe2a535423d/element/00000000-0000-00e8-ffff-ffff00000044/displayed&amp#27;[39m
&amp#27;[38;5;0m[HTTP]&amp#27;[0m &amp#27;[90m{}&amp#27;[39m
&amp#27;[38;5;32m[AndroidUiautomator2Driver@5789 (9af8a46c)]&amp#27;[0m Calling AppiumDriver.elementDisplayed() with args: ["00000000-0000-00e8-ffff-ffff00000044","9af8a46c-f47b-486a-8e44-bfe2a535423d"]
&amp#27;[38;5;32m[AndroidUiautomator2Driver@5789 (9af8a46c)]&amp#27;[0m Matched '/element/00000000-0000-00e8-ffff-ffff00000044/attribute/displayed' to command name 'getAttribute'
&amp#27;[38;5;32m[AndroidUiautomator2Driver@5789 (9af8a46c)]&amp#27;[0m Proxying [GET /element/00000000-0000-00e8-ffff-ffff00000044/attribute/displayed] to [GET http://127.0.0.1:8200/session/177f8c00-9345-49f1-b5b1-d24ea5f85feb/element/00000000-0000-00e8-ffff-ffff00000044/attribute/displayed] with no body
&amp#27;[38;5;32m[AndroidUiautomator2Driver@5789 (9af8a46c)]&amp#27;[0m Got response with status 200: {"sessionId":"177f8c00-9345-49f1-b5b1-d24ea5f85feb","value":"true"}
&amp#27;[38;5;32m[AndroidUiautomator2Driver@5789 (9af8a46c)]&amp#27;[0m Responding to client with driver.elementDisplayed() result: true
&amp#27;[38;5;0m[HTTP]&amp#27;[0m &amp#27;[37m<-- GET /session/9af8a46c-f47b-486a-8e44-bfe2a535423d/element/00000000-0000-00e8-ffff-ffff00000044/displayed &amp#27;[39m&amp#27;[32m200&amp#27;[39m &amp#27;[90m100 ms - 14&amp#27;[39m
&amp#27;[38;5;0m[HTTP]&amp#27;[0m &amp#27;[90m&amp#27;[39m
&amp#27;[38;5;0m[HTTP]&amp#27;[0m &amp#27;[37m-->&amp#27;[39m &amp#27;[37mPOST&amp#27;[39m &amp#27;[37m/session/9af8a46c-f47b-486a-8e44-bfe2a535423d/element/00000000-0000-00e8-ffff-ffff00000044/click&amp#27;[39m
&amp#27;[38;5;0m[HTTP]&amp#27;[0m &amp#27;[90m{"id":"00000000-0000-00e8-ffff-ffff00000044"}&amp#27;[39m
&amp#27;[38;5;32m[AndroidUiautomator2Driver@5789 (9af8a46c)]&amp#27;[0m Calling AppiumDriver.click() with args: ["00000000-0000-00e8-ffff-ffff00000044","9af8a46c-f47b-486a-8e44-bfe2a535423d"]
&amp#27;[38;5;32m[AndroidUiautomator2Driver@5789 (9af8a46c)]&amp#27;[0m Matched '/element/00000000-0000-00e8-ffff-ffff00000044/click' to command name 'click'
&amp#27;[38;5;32m[AndroidUiautomator2Driver@5789 (9af8a46c)]&amp#27;[0m Proxying [POST /element/00000000-0000-00e8-ffff-ffff00000044/click] to [POST http://127.0.0.1:8200/session/177f8c00-9345-49f1-b5b1-d24ea5f85feb/element/00000000-0000-00e8-ffff-ffff00000044/click] with body: {"element":"00000000-0000-00e8-ffff-ffff00000044"}
&amp#27;[38;5;32m[AndroidUiautomator2Driver@5789 (9af8a46c)]&amp#27;[0m Got response with status 200: {"sessionId":"177f8c00-9345-49f1-b5b1-d24ea5f85feb","value":null}
&amp#27;[38;5;32m[AndroidUiautomator2Driver@5789 (9af8a46c)]&amp#27;[0m Responding to client with driver.click() result: null
&amp#27;[38;5;0m[HTTP]&amp#27;[0m &amp#27;[37m<-- POST /session/9af8a46c-f47b-486a-8e44-bfe2a535423d/element/00000000-0000-00e8-ffff-ffff00000044/click &amp#27;[39m&amp#27;[32m200&amp#27;[39m &amp#27;[90m866 ms - 14&amp#27;[39m
&amp#27;[38;5;0m[HTTP]&amp#27;[0m &amp#27;[90m&amp#27;[39m
  &amp#27;[32mAnd &amp#27;[0m&amp#27;[32mthe user check the checkbox to allow the wifiSettings&amp#27;[0m &amp#27;[90m# de.frameworktsr.stepdefinitions.PopUp.the_user_check_the_checkbox_to_allow_the_wifiSettings()&amp#27;[0m
&amp#27;[38;5;0m[HTTP]&amp#27;[0m &amp#27;[37m-->&amp#27;[39m &amp#27;[37mPOST&amp#27;[39m &amp#27;[37m/session/9af8a46c-f47b-486a-8e44-bfe2a535423d/element&amp#27;[39m
&amp#27;[38;5;0m[HTTP]&amp#27;[0m &amp#27;[90m{"using":"xpath","value":"/hierarchy/android.widget.FrameLayout/android.view.ViewGroup/android.widget.FrameLayout[2]/android.widget.LinearLayout/android.widget.LinearLayout/android.widget.LinearLayout/android.widget.ListView/android.widget.LinearLayout[2]/android.widget.RelativeLayout\r\n"}&amp#27;[39m
&amp#27;[38;5;32m[AndroidUiautomator2Driver@5789 (9af8a46c)]&amp#27;[0m Calling AppiumDriver.findElement() with args: ["xpath","/hierarchy/android.widget.FrameLayout/android.view.ViewGroup/android.widget.FrameLayout[2]/android.widget.LinearLayout/android.widget.LinearLayout/android.widget.LinearLayout/android.widget.ListView/android.widget.LinearLayout[2]/android.widget.RelativeLayout\r\n","9af8a46c-f47b-486a-8e44-bfe2a535423d"]
&amp#27;[38;5;32m[AndroidUiautomator2Driver@5789 (9af8a46c)]&amp#27;[0m Valid locator strategies for this request: xpath, id, class name, accessibility id, css selector, -android uiautomator
&amp#27;[38;5;32m[AndroidUiautomator2Driver@5789 (9af8a46c)]&amp#27;[0m Waiting up to 0 ms for condition
&amp#27;[38;5;32m[AndroidUiautomator2Driver@5789 (9af8a46c)]&amp#27;[0m Matched '/element' to command name 'findElement'
&amp#27;[38;5;32m[AndroidUiautomator2Driver@5789 (9af8a46c)]&amp#27;[0m Proxying [POST /element] to [POST http://127.0.0.1:8200/session/177f8c00-9345-49f1-b5b1-d24ea5f85feb/element] with body: {"strategy":"xpath","selector":"/hierarchy/android.widget.FrameLayout/android.view.ViewGroup/android.widget.FrameLayout[2]/android.widget.LinearLayout/android.widget.LinearLayout/android.widget.LinearLayout/android.widget.ListView/android.widget.LinearLayout[2]/android.widget.RelativeLayout\r\n","context":"","multiple":false}
&amp#27;[38;5;32m[AndroidUiautomator2Driver@5789 (9af8a46c)]&amp#27;[0m Got response with status 200: {"sessionId":"177f8c00-9345-49f1-b5b1-d24ea5f85feb","value":{"ELEMENT":"00000000-0000-00e8-ffff-ffff00000048","element-6066-11e4-a52e-4f735466cecf":"00000000-0000-00e8-ffff-ffff00000048"}}
&amp#27;[38;5;32m[AndroidUiautomator2Driver@5789 (9af8a46c)]&amp#27;[0m Responding to client with driver.findElement() result: {"element-6066-11e4-a52e-4f735466cecf":"00000000-0000-00e8-ffff-ffff00000048","ELEMENT":"00000000-0000-00e8-ffff-ffff00000048"}
&amp#27;[38;5;0m[HTTP]&amp#27;[0m &amp#27;[37m<-- POST /session/9af8a46c-f47b-486a-8e44-bfe2a535423d/element &amp#27;[39m&amp#27;[32m200&amp#27;[39m &amp#27;[90m211 ms - 137&amp#27;[39m
&amp#27;[38;5;0m[HTTP]&amp#27;[0m &amp#27;[90m&amp#27;[39m
&amp#27;[38;5;0m[HTTP]&amp#27;[0m &amp#27;[37m-->&amp#27;[39m &amp#27;[37mGET&amp#27;[39m &amp#27;[37m/session/9af8a46c-f47b-486a-8e44-bfe2a535423d/element/00000000-0000-00e8-ffff-ffff00000048/displayed&amp#27;[39m
&amp#27;[38;5;0m[HTTP]&amp#27;[0m &amp#27;[90m{}&amp#27;[39m
&amp#27;[38;5;32m[AndroidUiautomator2Driver@5789 (9af8a46c)]&amp#27;[0m Calling AppiumDriver.elementDisplayed() with args: ["00000000-0000-00e8-ffff-ffff00000048","9af8a46c-f47b-486a-8e44-bfe2a535423d"]
&amp#27;[38;5;32m[AndroidUiautomator2Driver@5789 (9af8a46c)]&amp#27;[0m Matched '/element/00000000-0000-00e8-ffff-ffff00000048/attribute/displayed' to command name 'getAttribute'
&amp#27;[38;5;32m[AndroidUiautomator2Driver@5789 (9af8a46c)]&amp#27;[0m Proxying [GET /element/00000000-0000-00e8-ffff-ffff00000048/attribute/displayed] to [GET http://127.0.0.1:8200/session/177f8c00-9345-49f1-b5b1-d24ea5f85feb/element/00000000-0000-00e8-ffff-ffff00000048/attribute/displayed] with no body
&amp#27;[38;5;32m[AndroidUiautomator2Driver@5789 (9af8a46c)]&amp#27;[0m Got response with status 200: {"sessionId":"177f8c00-9345-49f1-b5b1-d24ea5f85feb","value":"true"}
&amp#27;[38;5;32m[AndroidUiautomator2Driver@5789 (9af8a46c)]&amp#27;[0m Responding to client with driver.elementDisplayed() result: true
&amp#27;[38;5;0m[HTTP]&amp#27;[0m &amp#27;[37m<-- GET /session/9af8a46c-f47b-486a-8e44-bfe2a535423d/element/00000000-0000-00e8-ffff-ffff00000048/displayed &amp#27;[39m&amp#27;[32m200&amp#27;[39m &amp#27;[90m26 ms - 14&amp#27;[39m
&amp#27;[38;5;0m[HTTP]&amp#27;[0m &amp#27;[90m&amp#27;[39m
&amp#27;[38;5;0m[HTTP]&amp#27;[0m &amp#27;[37m-->&amp#27;[39m &amp#27;[37mPOST&amp#27;[39m &amp#27;[37m/session/9af8a46c-f47b-486a-8e44-bfe2a535423d/element/00000000-0000-00e8-ffff-ffff00000048/click&amp#27;[39m
&amp#27;[38;5;0m[HTTP]&amp#27;[0m &amp#27;[90m{"id":"00000000-0000-00e8-ffff-ffff00000048"}&amp#27;[39m
&amp#27;[38;5;32m[AndroidUiautomator2Driver@5789 (9af8a46c)]&amp#27;[0m Calling AppiumDriver.click() with args: ["00000000-0000-00e8-ffff-ffff00000048","9af8a46c-f47b-486a-8e44-bfe2a535423d"]
&amp#27;[38;5;32m[AndroidUiautomator2Driver@5789 (9af8a46c)]&amp#27;[0m Matched '/element/00000000-0000-00e8-ffff-ffff00000048/click' to command name 'click'
&amp#27;[38;5;32m[AndroidUiautomator2Driver@5789 (9af8a46c)]&amp#27;[0m Proxying [POST /element/00000000-0000-00e8-ffff-ffff00000048/click] to [POST http://127.0.0.1:8200/session/177f8c00-9345-49f1-b5b1-d24ea5f85feb/element/00000000-0000-00e8-ffff-ffff00000048/click] with body: {"element":"00000000-0000-00e8-ffff-ffff00000048"}
&amp#27;[38;5;32m[AndroidUiautomator2Driver@5789 (9af8a46c)]&amp#27;[0m Got response with status 200: {"sessionId":"177f8c00-9345-49f1-b5b1-d24ea5f85feb","value":null}
&amp#27;[38;5;32m[AndroidUiautomator2Driver@5789 (9af8a46c)]&amp#27;[0m Responding to client with driver.click() result: null
&amp#27;[38;5;0m[HTTP]&amp#27;[0m &amp#27;[37m<-- POST /session/9af8a46c-f47b-486a-8e44-bfe2a535423d/element/00000000-0000-00e8-ffff-ffff00000048/click &amp#27;[39m&amp#27;[32m200&amp#27;[39m &amp#27;[90m1403 ms - 14&amp#27;[39m
&amp#27;[38;5;0m[HTTP]&amp#27;[0m &amp#27;[90m&amp#27;[39m
  &amp#27;[32mAnd &amp#27;[0m&amp#27;[32mthe user taps on wifiSettings&amp#27;[0m                         &amp#27;[90m# de.frameworktsr.stepdefinitions.PopUp.the_user_taps_on_wifiSettings()&amp#27;[0m
  &amp#27;[33mAnd &amp#27;[0m&amp#27;[33mthe user enters the wifiSettings name as "Amina"&amp#27;[0m
  &amp#27;[36mAnd &amp#27;[0m&amp#27;[36mthe user clicks on Ok button&amp#27;[0m
  &amp#27;[36mThen &amp#27;[0m&amp#27;[36mthe wifiSettings should be updated.&amp#27;[0m
&amp#27;[38;5;0m[HTTP]&amp#27;[0m &amp#27;[37m-->&amp#27;[39m &amp#27;[37mPOST&amp#27;[39m &amp#27;[37m/session/9af8a46c-f47b-486a-8e44-bfe2a535423d/appium/stop_recording_screen&amp#27;[39m
&amp#27;[38;5;0m[HTTP]&amp#27;[0m &amp#27;[90m{}&amp#27;[39m
&amp#27;[38;5;32m[AndroidUiautomator2Driver@5789 (9af8a46c)]&amp#27;[0m Calling AppiumDriver.stopRecordingScreen() with args: [null,"9af8a46c-f47b-486a-8e44-bfe2a535423d"]
&amp#27;[38;5;64m[ADB]&amp#27;[0m Getting IDs of all 'screenrecord' processes
&amp#27;[38;5;64m[ADB]&amp#27;[0m Running 'C:\Users\User\AppData\Local\Android\Sdk\platform-tools\adb.exe -P 5037 -s emulator-5554 shell pgrep -f \(\[\[:blank:\]\]\|\^\)screenrecord\(\[\[:blank:\]\]\|\$\)'
&amp#27;[38;5;64m[ADB]&amp#27;[0m Running 'C:\Users\User\AppData\Local\Android\Sdk\platform-tools\adb.exe -P 5037 -s emulator-5554 shell kill -2 18037'
&amp#27;[38;5;64m[ADB]&amp#27;[0m Getting IDs of all 'screenrecord' processes
&amp#27;[38;5;64m[ADB]&amp#27;[0m Running 'C:\Users\User\AppData\Local\Android\Sdk\platform-tools\adb.exe -P 5037 -s emulator-5554 shell pgrep -f \(\[\[:blank:\]\]\|\^\)screenrecord\(\[\[:blank:\]\]\|\$\)'
&amp#27;[38;5;64m[ADB]&amp#27;[0m Getting IDs of all 'screenrecord' processes
&amp#27;[38;5;64m[ADB]&amp#27;[0m Running 'C:\Users\User\AppData\Local\Android\Sdk\platform-tools\adb.exe -P 5037 -s emulator-5554 shell pgrep -f \(\[\[:blank:\]\]\|\^\)screenrecord\(\[\[:blank:\]\]\|\$\)'
&amp#27;[38;5;64m[ADB]&amp#27;[0m Running 'C:\Users\User\AppData\Local\Android\Sdk\platform-tools\adb.exe -P 5037 -s emulator-5554 pull /sdcard/87240d94.mp4 C:\Users\User\AppData\Local\Temp\2024114-22648-1yj0ebo.bru5\87240d94.mp4'
&amp#27;[38;5;64m[ADB]&amp#27;[0m Running 'C:\Users\User\AppData\Local\Android\Sdk\platform-tools\adb.exe -P 5037 -s emulator-5554 shell rm -rf /sdcard/87240d94.mp4'
&amp#27;[38;5;32m[AndroidUiautomator2Driver@5789 (9af8a46c)]&amp#27;[0m The size of the resulting screen recording is 940.38 KB
&amp#27;[38;5;32m[AndroidUiautomator2Driver@5789 (9af8a46c)]&amp#27;[0m Responding to client with driver.stopRecordingScreen() result: "AAAAGGZ0eXBtcDQyAAAAAGlzb21tcDQyAAAMeGZyZWUwMDAwMDAwMDAwMDAwMDAwMDAwMDAwMDAwMDAwMDAwMDAwMDAwMDAwMDAwMDAwMDAwMDAwMDAwMDAwMDAwMDAwMDAwMDAwMDAwMDAwMDAwMDAwMDAwMDAwMDAwMDAwMDAwMDAwMDAwMDAwMDAwMDAwMDAwMDAwMDAwMDAwMDAwMDAwMDAwMDAwMDAwMDAwMDAwMDAwMDAwMDAwMDAwMDAwMDAwMDAwMDAwMDAwMDAwMDAwMDAwMDAwMDAwMDAwMDAwMDAwMDAwMDAwMDAwMDAwMDAwMDAwMDAwMDAwMDAwMDAwMDAwMDAwMDAwMDAwMDAwMDAwMDAwMDAwMDAwMDAwMDAwMDAwMDAwMDAwMDAwMDAwMDAwMDAwMDAwMDAwMDAwMDAwMDAwMDAwMDAwMDAwMDAwMDAwMDAwMDAwMDAwMDAwMDAwMDAwMDAwMDAwMDAwMDAwMDAwMDAwMDAwMDAwMDAwMDAwMDAwMDAwMDAwMDAwMDAwMDAwMDAwMDAwMDAwMDAwMDAwMDAwMDAwMDAwMDAwMDAwMDAwMDAwMDAwMDAwMDAwMDAwMDAwMDAwMDAwMDAwMDAwMDAwMDAwMDAwMDAwMDAwMDAwMDAwMDAwMDAwMDAwMDAwMDAwMDAwMDAwMDAwMDAwMDAwMDAwMDAwMDAwMDAwMDAwMDAwMDAwMDAwMDAwMDAwMDAwMDAwMDAwMDAwMDAwMDAwMDAwMDAwMDAwMDAwMDAwMDAwMDAwMDAwMDAwMDAwMDAwMDAwMDAwMDAwMDAwMDAwMDAwMDAwMDAwMDAwMDAwMDAwMDAwMDAwMDAwMDAwMDAwMDAwMDAwMDAwMDAwMDAwMDAwMDAwMDAwMDAwMDAwMDAwMDAwMDAwMDAwMDAwMDAwMDAwMDAwMDAwMDAwMDAwMDAwMDAwMDAwMDAwMDAwMDAwMDAwMDAwMDAwMDAwMDAwMDAwMDAwMDAwMDAwMDAwMDAw...
&amp#27;[38;5;0m[HTTP]&amp#27;[0m &amp#27;[37m<-- POST /session/9af8a46c-f47b-486a-8e44-bfe2a535423d/appium/stop_recording_screen &amp#27;[39m&amp#27;[32m200&amp#27;[39m &amp#27;[90m1166 ms - 1283952&amp#27;[39m
&amp#27;[38;5;0m[HTTP]&amp#27;[0m &amp#27;[90m&amp#27;[39m
&amp#27;[38;5;0m[HTTP]&amp#27;[0m &amp#27;[37m-->&amp#27;[39m &amp#27;[37mDELETE&amp#27;[39m &amp#27;[37m/session/9af8a46c-f47b-486a-8e44-bfe2a535423d&amp#27;[39m
&amp#27;[38;5;0m[HTTP]&amp#27;[0m &amp#27;[90m{}&amp#27;[39m
&amp#27;[38;5;32m[AndroidUiautomator2Driver@5789 (9af8a46c)]&amp#27;[0m Calling AppiumDriver.deleteSession() with args: ["9af8a46c-f47b-486a-8e44-bfe2a535423d"]
&amp#27;[38;5;16m[AppiumDriver@1515]&amp#27;[0m Event 'quitSessionRequested' logged at 1707929763290 (17:56:03 GMT+0100 (Central European Standard Time))
&amp#27;[38;5;16m[AppiumDriver@1515]&amp#27;[0m Removing session 9af8a46c-f47b-486a-8e44-bfe2a535423d from our master session list
&amp#27;[38;5;32m[AndroidUiautomator2Driver@5789 (9af8a46c)]&amp#27;[0m Deleting UiAutomator2 session
&amp#27;[38;5;32m[AndroidUiautomator2Driver@5789 (9af8a46c)]&amp#27;[0m Deleting UiAutomator2 server session
&amp#27;[38;5;32m[AndroidUiautomator2Driver@5789 (9af8a46c)]&amp#27;[0m Matched '/' to command name 'deleteSession'
&amp#27;[38;5;32m[AndroidUiautomator2Driver@5789 (9af8a46c)]&amp#27;[0m Proxying [DELETE /] to [DELETE http://127.0.0.1:8200/session/177f8c00-9345-49f1-b5b1-d24ea5f85feb] with no body
&amp#27;[38;5;32m[AndroidUiautomator2Driver@5789 (9af8a46c)]&amp#27;[0m Got response with status 200: {"sessionId":"177f8c00-9345-49f1-b5b1-d24ea5f85feb","value":null}
&amp#27;[38;5;64m[ADB]&amp#27;[0m Running 'C:\Users\User\AppData\Local\Android\Sdk\platform-tools\adb.exe -P 5037 -s emulator-5554 shell dumpsys activity services io.appium.settings/.recorder.RecorderService'
&amp#27;[38;5;64m[ADB]&amp#27;[0m Running 'C:\Users\User\AppData\Local\Android\Sdk\platform-tools\adb.exe -P 5037 -s emulator-5554 shell am force-stop io.appium.android.apis'
&amp#27;[38;5;80m[Logcat]&amp#27;[0m Stopping logcat capture
&amp#27;[38;5;64m[ADB]&amp#27;[0m Removing forwarded port socket connection: 8200 
&amp#27;[38;5;64m[ADB]&amp#27;[0m Running 'C:\Users\User\AppData\Local\Android\Sdk\platform-tools\adb.exe -P 5037 -s emulator-5554 forward --remove tcp:8200'
&amp#27;[38;5;32m[AndroidUiautomator2Driver@5789 (9af8a46c)]&amp#27;[0m Restoring hidden api policy to the device default configuration
&amp#27;[38;5;64m[ADB]&amp#27;[0m Running 'C:\Users\User\AppData\Local\Android\Sdk\platform-tools\adb.exe -P 5037 -s emulator-5554 shell 'settings delete global hidden_api_policy_pre_p_apps;settings delete global hidden_api_policy_p_apps;settings delete global hidden_api_policy''
&amp#27;[38;5;16m[AppiumDriver@1515]&amp#27;[0m Event 'quitSessionFinished' logged at 1707929764201 (17:56:04 GMT+0100 (Central European Standard Time))
&amp#27;[38;5;16m[AppiumDriver@1515]&amp#27;[0m Received response: null
&amp#27;[38;5;16m[AppiumDriver@1515]&amp#27;[0m But deleting session, so not returning
&amp#27;[38;5;16m[AppiumDriver@1515]&amp#27;[0m Responding to client with driver.deleteSession() result: null
&amp#27;[38;5;0m[HTTP]&amp#27;[0m &amp#27;[37m<-- DELETE /session/9af8a46c-f47b-486a-8e44-bfe2a535423d &amp#27;[39m&amp#27;[32m200&amp#27;[39m &amp#27;[90m916 ms - 14&amp#27;[39m
&amp#27;[38;5;0m[HTTP]&amp#27;[0m &amp#27;[90m&amp#27;[39m
]]></system-out>
  </testcase>
</testsuite>